TID: [-1] [] [2017-05-03 00:09:39,151]  INFO {org.wso2.andes.kernel.AndesRecoveryTask} -  Running DB sync task. {org.wso2.andes.kernel.AndesRecoveryTask}
TID: [-1] [] [2017-05-03 00:24:39,151]  INFO {org.wso2.andes.kernel.AndesRecoveryTask} -  Running DB sync task. {org.wso2.andes.kernel.AndesRecoveryTask}
TID: [-1] [] [2017-05-03 00:39:39,151]  INFO {org.wso2.andes.kernel.AndesRecoveryTask} -  Running DB sync task. {org.wso2.andes.kernel.AndesRecoveryTask}
TID: [-1] [] [2017-05-03 00:54:39,151]  INFO {org.wso2.andes.kernel.AndesRecoveryTask} -  Running DB sync task. {org.wso2.andes.kernel.AndesRecoveryTask}
TID: [-1] [] [2017-05-03 01:09:39,151]  INFO {org.wso2.andes.kernel.AndesRecoveryTask} -  Running DB sync task. {org.wso2.andes.kernel.AndesRecoveryTask}
TID: [-1] [] [2017-05-03 01:24:39,151]  INFO {org.wso2.andes.kernel.AndesRecoveryTask} -  Running DB sync task. {org.wso2.andes.kernel.AndesRecoveryTask}
TID: [-1] [] [2017-05-03 01:39:01,818]  INFO {org.wso2.carbon.identity.application.authentication.framework.store.OperationCleanUpService} -  Session Operation Data cleanup task is running successfully for removing expired Operation Data {org.wso2.carbon.identity.application.authentication.framework.store.OperationCleanUpService}
TID: [-1] [] [2017-05-03 01:39:39,151]  INFO {org.wso2.andes.kernel.AndesRecoveryTask} -  Running DB sync task. {org.wso2.andes.kernel.AndesRecoveryTask}
TID: [-1] [] [2017-05-03 01:54:39,151]  INFO {org.wso2.andes.kernel.AndesRecoveryTask} -  Running DB sync task. {org.wso2.andes.kernel.AndesRecoveryTask}
TID: [-1] [] [2017-05-03 02:09:39,151]  INFO {org.wso2.andes.kernel.AndesRecoveryTask} -  Running DB sync task. {org.wso2.andes.kernel.AndesRecoveryTask}
TID: [-1] [] [2017-05-03 02:24:39,151]  INFO {org.wso2.andes.kernel.AndesRecoveryTask} -  Running DB sync task. {org.wso2.andes.kernel.AndesRecoveryTask}
TID: [-1] [] [2017-05-03 02:39:39,151]  INFO {org.wso2.andes.kernel.AndesRecoveryTask} -  Running DB sync task. {org.wso2.andes.kernel.AndesRecoveryTask}
TID: [-1] [] [2017-05-03 02:54:39,151]  INFO {org.wso2.andes.kernel.AndesRecoveryTask} -  Running DB sync task. {org.wso2.andes.kernel.AndesRecoveryTask}
TID: [-1] [] [2017-05-03 03:09:39,151]  INFO {org.wso2.andes.kernel.AndesRecoveryTask} -  Running DB sync task. {org.wso2.andes.kernel.AndesRecoveryTask}
TID: [-1] [] [2017-05-03 03:24:39,151]  INFO {org.wso2.andes.kernel.AndesRecoveryTask} -  Running DB sync task. {org.wso2.andes.kernel.AndesRecoveryTask}
TID: [-1] [] [2017-05-03 03:39:39,151]  INFO {org.wso2.andes.kernel.AndesRecoveryTask} -  Running DB sync task. {org.wso2.andes.kernel.AndesRecoveryTask}
TID: [-1] [] [2017-05-03 03:54:39,151]  INFO {org.wso2.andes.kernel.AndesRecoveryTask} -  Running DB sync task. {org.wso2.andes.kernel.AndesRecoveryTask}
TID: [-1] [] [2017-05-03 04:09:39,151]  INFO {org.wso2.andes.kernel.AndesRecoveryTask} -  Running DB sync task. {org.wso2.andes.kernel.AndesRecoveryTask}
TID: [-1] [] [2017-05-03 04:24:39,151]  INFO {org.wso2.andes.kernel.AndesRecoveryTask} -  Running DB sync task. {org.wso2.andes.kernel.AndesRecoveryTask}
TID: [-1] [] [2017-05-03 04:39:39,151]  INFO {org.wso2.andes.kernel.AndesRecoveryTask} -  Running DB sync task. {org.wso2.andes.kernel.AndesRecoveryTask}
TID: [-1] [] [2017-05-03 04:54:39,151]  INFO {org.wso2.andes.kernel.AndesRecoveryTask} -  Running DB sync task. {org.wso2.andes.kernel.AndesRecoveryTask}
TID: [-1] [] [2017-05-03 05:09:39,151]  INFO {org.wso2.andes.kernel.AndesRecoveryTask} -  Running DB sync task. {org.wso2.andes.kernel.AndesRecoveryTask}
TID: [-1] [] [2017-05-03 05:24:39,151]  INFO {org.wso2.andes.kernel.AndesRecoveryTask} -  Running DB sync task. {org.wso2.andes.kernel.AndesRecoveryTask}
TID: [-1] [] [2017-05-03 05:39:39,151]  INFO {org.wso2.andes.kernel.AndesRecoveryTask} -  Running DB sync task. {org.wso2.andes.kernel.AndesRecoveryTask}
TID: [-1] [] [2017-05-03 05:54:39,151]  INFO {org.wso2.andes.kernel.AndesRecoveryTask} -  Running DB sync task. {org.wso2.andes.kernel.AndesRecoveryTask}
TID: [-1] [] [2017-05-03 06:09:39,151]  INFO {org.wso2.andes.kernel.AndesRecoveryTask} -  Running DB sync task. {org.wso2.andes.kernel.AndesRecoveryTask}
TID: [-1] [] [2017-05-03 06:24:39,151]  INFO {org.wso2.andes.kernel.AndesRecoveryTask} -  Running DB sync task. {org.wso2.andes.kernel.AndesRecoveryTask}
TID: [-1] [] [2017-05-03 06:39:39,151]  INFO {org.wso2.andes.kernel.AndesRecoveryTask} -  Running DB sync task. {org.wso2.andes.kernel.AndesRecoveryTask}
TID: [-1] [] [2017-05-03 06:54:39,151]  INFO {org.wso2.andes.kernel.AndesRecoveryTask} -  Running DB sync task. {org.wso2.andes.kernel.AndesRecoveryTask}
TID: [-1] [] [2017-05-03 07:09:39,151]  INFO {org.wso2.andes.kernel.AndesRecoveryTask} -  Running DB sync task. {org.wso2.andes.kernel.AndesRecoveryTask}
TID: [-1] [] [2017-05-03 07:24:39,151]  INFO {org.wso2.andes.kernel.AndesRecoveryTask} -  Running DB sync task. {org.wso2.andes.kernel.AndesRecoveryTask}
TID: [-1] [] [2017-05-03 07:39:39,151]  INFO {org.wso2.andes.kernel.AndesRecoveryTask} -  Running DB sync task. {org.wso2.andes.kernel.AndesRecoveryTask}
TID: [-1] [] [2017-05-03 07:54:39,151]  INFO {org.wso2.andes.kernel.AndesRecoveryTask} -  Running DB sync task. {org.wso2.andes.kernel.AndesRecoveryTask}
TID: [-1] [] [2017-05-03 08:09:39,151]  INFO {org.wso2.andes.kernel.AndesRecoveryTask} -  Running DB sync task. {org.wso2.andes.kernel.AndesRecoveryTask}
TID: [-1] [] [2017-05-03 08:24:39,151]  INFO {org.wso2.andes.kernel.AndesRecoveryTask} -  Running DB sync task. {org.wso2.andes.kernel.AndesRecoveryTask}
TID: [-1] [] [2017-05-03 08:39:39,151]  INFO {org.wso2.andes.kernel.AndesRecoveryTask} -  Running DB sync task. {org.wso2.andes.kernel.AndesRecoveryTask}
TID: [-1] [] [2017-05-03 08:54:39,151]  INFO {org.wso2.andes.kernel.AndesRecoveryTask} -  Running DB sync task. {org.wso2.andes.kernel.AndesRecoveryTask}
TID: [-1] [] [2017-05-03 09:09:39,151]  INFO {org.wso2.andes.kernel.AndesRecoveryTask} -  Running DB sync task. {org.wso2.andes.kernel.AndesRecoveryTask}
TID: [-1] [] [2017-05-03 09:24:39,151]  INFO {org.wso2.andes.kernel.AndesRecoveryTask} -  Running DB sync task. {org.wso2.andes.kernel.AndesRecoveryTask}
TID: [-1] [] [2017-05-03 09:39:39,151]  INFO {org.wso2.andes.kernel.AndesRecoveryTask} -  Running DB sync task. {org.wso2.andes.kernel.AndesRecoveryTask}
TID: [-1234] [] [2017-05-03 09:43:33,706]  INFO {org.wso2.carbon.core.internal.permission.update.PermissionUpdater} -  Permission cache updated for tenant -1234 {org.wso2.carbon.core.internal.permission.update.PermissionUpdater}
TID: [-1234] [] [2017-05-03 09:43:47,521]  INFO {org.wso2.carbon.core.internal.permission.update.PermissionUpdater} -  Permission cache updated for tenant -1234 {org.wso2.carbon.core.internal.permission.update.PermissionUpdater}
TID: [-1234] [] [2017-05-03 09:44:05,506]  INFO {org.wso2.carbon.core.services.util.CarbonAuthenticationUtil} -  'admin@carbon.super [-1234]' logged in at [2017-05-03 09:44:05,506+0530] {org.wso2.carbon.core.services.util.CarbonAuthenticationUtil}
TID: [-1] [] [2017-05-03 09:54:39,151]  INFO {org.wso2.andes.kernel.AndesRecoveryTask} -  Running DB sync task. {org.wso2.andes.kernel.AndesRecoveryTask}
TID: [-1234] [] [2017-05-03 09:59:41,865]  INFO {org.wso2.carbon.core.services.util.CarbonAuthenticationUtil} -  'admin@carbon.super [-1234]' logged in at [2017-05-03 09:59:41,865+0530] {org.wso2.carbon.core.services.util.CarbonAuthenticationUtil}
TID: [-1] [] [2017-05-03 10:09:39,151]  INFO {org.wso2.andes.kernel.AndesRecoveryTask} -  Running DB sync task. {org.wso2.andes.kernel.AndesRecoveryTask}
TID: [-1] [] [2017-05-03 10:24:39,151]  INFO {org.wso2.andes.kernel.AndesRecoveryTask} -  Running DB sync task. {org.wso2.andes.kernel.AndesRecoveryTask}
TID: [-1] [] [2017-05-03 10:39:39,151]  INFO {org.wso2.andes.kernel.AndesRecoveryTask} -  Running DB sync task. {org.wso2.andes.kernel.AndesRecoveryTask}
TID: [-1] [] [2017-05-03 10:54:39,151]  INFO {org.wso2.andes.kernel.AndesRecoveryTask} -  Running DB sync task. {org.wso2.andes.kernel.AndesRecoveryTask}
TID: [-1234] [] [2017-05-03 11:06:31,670]  INFO {org.wso2.carbon.core.init.CarbonServerManager} -  Shutdown hook triggered.... {org.wso2.carbon.core.init.CarbonServerManager}
TID: [-1234] [] [2017-05-03 11:06:31,671]  INFO {org.wso2.carbon.core.init.CarbonServerManager} -  Gracefully shutting down WSO2 API Manager... {org.wso2.carbon.core.init.CarbonServerManager}
TID: [-1234] [] [2017-05-03 11:06:31,724]  INFO {org.wso2.carbon.core.ServerManagement} -  Starting to switch to maintenance mode... {org.wso2.carbon.core.ServerManagement}
TID: [-1234] [] [2017-05-03 11:06:31,724]  INFO {org.apache.synapse.transport.passthru.PassThroughHttpListener} -  Stopping Pass-through HTTP Listener.. {org.apache.synapse.transport.passthru.PassThroughHttpListener}
TID: [-1234] [] [2017-05-03 11:06:31,724]  INFO {org.apache.synapse.transport.passthru.core.PassThroughListeningIOReactorManager} -  Shutting down IO Reactor bind for port 8280 {org.apache.synapse.transport.passthru.core.PassThroughListeningIOReactorManager}
TID: [-1] [] [2017-05-03 11:06:31,758]  INFO {org.apache.synapse.transport.passthru.core.PassThroughListeningIOReactorManager} -  HTTP-Listener I/O dispatcher Listener shutdown. {org.apache.synapse.transport.passthru.core.PassThroughListeningIOReactorManager}
TID: [-1234] [] [2017-05-03 11:06:31,771]  INFO {org.apache.synapse.transport.passthru.PassThroughHttpSSLListener} -  Stopping Pass-through HTTPS Listener.. {org.apache.synapse.transport.passthru.PassThroughHttpSSLListener}
TID: [-1234] [] [2017-05-03 11:06:31,771]  INFO {org.apache.synapse.transport.passthru.core.PassThroughListeningIOReactorManager} -  Shutting down IO Reactor bind for port 8243 {org.apache.synapse.transport.passthru.core.PassThroughListeningIOReactorManager}
TID: [-1] [] [2017-05-03 11:06:31,771]  INFO {org.apache.synapse.transport.passthru.core.PassThroughListeningIOReactorManager} -  HTTPS-Listener I/O dispatcher Listener shutdown. {org.apache.synapse.transport.passthru.core.PassThroughListeningIOReactorManager}
TID: [-1234] [] [2017-05-03 11:06:31,772]  INFO {org.wso2.carbon.core.ServerManagement} -  Stopped all transport listeners {org.wso2.carbon.core.ServerManagement}
TID: [-1234] [] [2017-05-03 11:06:31,772]  INFO {org.wso2.carbon.core.ServerManagement} -  Waiting for request service completion... {org.wso2.carbon.core.ServerManagement}
TID: [-1234] [] [2017-05-03 11:06:31,828]  INFO {org.wso2.carbon.core.ServerManagement} -  All requests have been served. {org.wso2.carbon.core.ServerManagement}
TID: [-1234] [] [2017-05-03 11:06:31,828]  INFO {org.wso2.carbon.core.ServerManagement} -  Waiting for deployment completion... {org.wso2.carbon.core.ServerManagement}
TID: [-1234] [] [2017-05-03 11:06:32,334]  INFO {org.wso2.carbon.webapp.mgt.WebApplication} -  Unloaded webapp: StandardEngine[Catalina].StandardHost[localhost].StandardContext[/am/sample/calculator/v1] {org.wso2.carbon.webapp.mgt.WebApplication}
TID: [-1234] [] [2017-05-03 11:06:32,455]  INFO {org.wso2.carbon.webapp.mgt.WebApplication} -  Unloaded webapp: StandardEngine[Catalina].StandardHost[localhost].StandardContext[/oauth2] {org.wso2.carbon.webapp.mgt.WebApplication}
TID: [-1234] [] [2017-05-03 11:06:33,618]  INFO {org.wso2.carbon.webapp.mgt.WebApplication} -  Unloaded webapp: StandardEngine[Catalina].StandardHost[localhost].StandardContext[/shindig] {org.wso2.carbon.webapp.mgt.WebApplication}
TID: [-1234] [] [2017-05-03 11:06:34,116]  INFO {org.wso2.carbon.webapp.mgt.WebApplication} -  Unloaded webapp: StandardEngine[Catalina].StandardHost[localhost].StandardContext[/throttle/data/v1] {org.wso2.carbon.webapp.mgt.WebApplication}
TID: [-1234] [] [2017-05-03 11:06:34,794]  INFO {org.wso2.carbon.webapp.mgt.WebApplication} -  Unloaded webapp: StandardEngine[Catalina].StandardHost[localhost].StandardContext[/api/am/publisher/v0.11] {org.wso2.carbon.webapp.mgt.WebApplication}
TID: [-1234] [] [2017-05-03 11:06:35,333]  INFO {org.wso2.carbon.webapp.mgt.WebApplication} -  Unloaded webapp: StandardEngine[Catalina].StandardHost[localhost].StandardContext[/client-registration/v0.11] {org.wso2.carbon.webapp.mgt.WebApplication}
TID: [-1234] [] [2017-05-03 11:06:35,890]  INFO {org.wso2.carbon.webapp.mgt.WebApplication} -  Unloaded webapp: StandardEngine[Catalina].StandardHost[localhost].StandardContext[/api/am/store/v0.11] {org.wso2.carbon.webapp.mgt.WebApplication}
TID: [-1234] [] [2017-05-03 11:06:36,219]  INFO {org.wso2.carbon.webapp.mgt.WebApplication} -  Unloaded webapp: StandardEngine[Catalina].StandardHost[localhost].StandardContext[/am/sample/pizzashack/v1] {org.wso2.carbon.webapp.mgt.WebApplication}
TID: [-1234] [] [2017-05-03 11:06:36,398]  INFO {org.wso2.carbon.webapp.mgt.WebApplication} -  Unloaded webapp: StandardEngine[Catalina].StandardHost[localhost].StandardContext[/authenticationendpoint] {org.wso2.carbon.webapp.mgt.WebApplication}
TID: [-1234] [] [2017-05-03 11:06:36,928]  INFO {org.wso2.carbon.webapp.mgt.WebApplication} -  Unloaded webapp: StandardEngine[Catalina].StandardHost[localhost].StandardContext[/api/am/admin/v0.11] {org.wso2.carbon.webapp.mgt.WebApplication}
TID: [-1234] [] [2017-05-03 11:06:36,939]  INFO {org.wso2.carbon.webapp.mgt.WebApplication} -  Unloaded webapp: StandardEngine[Catalina].StandardHost[localhost].StandardContext[/admin] {org.wso2.carbon.webapp.mgt.WebApplication}
TID: [-1234] [] [2017-05-03 11:06:36,951]  INFO {org.wso2.carbon.webapp.mgt.WebApplication} -  Unloaded webapp: StandardEngine[Catalina].StandardHost[localhost].StandardContext[/portal] {org.wso2.carbon.webapp.mgt.WebApplication}
TID: [-1234] [] [2017-05-03 11:06:36,967]  INFO {org.wso2.carbon.webapp.mgt.WebApplication} -  Unloaded webapp: StandardEngine[Catalina].StandardHost[localhost].StandardContext[/publisher] {org.wso2.carbon.webapp.mgt.WebApplication}
TID: [-1234] [] [2017-05-03 11:06:36,980]  INFO {org.wso2.carbon.webapp.mgt.WebApplication} -  Unloaded webapp: StandardEngine[Catalina].StandardHost[localhost].StandardContext[/store] {org.wso2.carbon.webapp.mgt.WebApplication}
TID: [-1234] [] [2017-05-03 11:06:36,981]  INFO {org.wso2.carbon.core.ServerManagement} -  All deployment tasks have been completed. {org.wso2.carbon.core.ServerManagement}
TID: [-1234] [] [2017-05-03 11:06:36,981]  INFO {org.wso2.carbon.core.ServerManagement} -  Waiting for server task completion... {org.wso2.carbon.core.ServerManagement}
TID: [-1234] [] [2017-05-03 11:06:37,051]  INFO {org.wso2.carbon.registry.core.internal.RegistryCoreServiceComponent} -  Writing logs  {org.wso2.carbon.registry.core.internal.RegistryCoreServiceComponent}
TID: [-1234] [] [2017-05-03 11:06:37,055]  INFO {org.wso2.carbon.apimgt.jms.listener.utils.JMSTransportHandler} -  Starting to Shutdown the Listener... {org.wso2.carbon.apimgt.jms.listener.utils.JMSTransportHandler}
TID: [-1] [] [2017-05-03 11:06:38,019]  INFO {org.wso2.andes.subscription.SubscriptionEngine} -  Local Subscription DELETED [throttleData]ID=0@NODEsupun-Inspiron-5537/127.0.1.1/T=1493658580381/D=false/X=true/O=clientid/E=amq.topic/ET=org.wso2.andes.server.exchange.TopicExchange$1@52ce3331/EUD=0/S=false {org.wso2.andes.subscription.SubscriptionEngine}
TID: [-1] [] [2017-05-03 11:06:38,020]  INFO {org.wso2.andes.kernel.OrphanedMessageHandler} -  Purging messages of this node persisted under throttleData {org.wso2.andes.kernel.OrphanedMessageHandler}
TID: [-1] [] [2017-05-03 11:06:38,042]  INFO {org.wso2.andes.kernel.MessagingEngine} -  Purged messages of destination throttleData {org.wso2.andes.kernel.MessagingEngine}
TID: [-1] [] [2017-05-03 11:06:38,408]  INFO {org.wso2.andes.server.handler.ChannelCloseHandler} -  Received channel close for id 1 citing class 0 and method 0 {org.wso2.andes.server.handler.ChannelCloseHandler}
TID: [-1] [] [2017-05-03 11:06:38,409]  INFO {org.wso2.andes.server.AMQChannel} -  No consumers to unsubscribe on channel [/192.168.8.102:59978(admin):1] {org.wso2.andes.server.AMQChannel}
TID: [-1] [] [2017-05-03 11:06:38,409]  INFO {org.wso2.andes.kernel.FlowControlManager} -  Channel removed (ID: 192.168.8.102:59978) {org.wso2.andes.kernel.FlowControlManager}
TID: [-1234] [] [2017-05-03 11:06:39,057]  INFO {org.wso2.andes.server.handler.ConnectionCloseMethodHandler} -  ConnectionClose received with reply code/reply text 200/JMS client is closing the connection. for /192.168.8.102:59978(admin) {org.wso2.andes.server.handler.ConnectionCloseMethodHandler}
TID: [-1234] [] [2017-05-03 11:06:39,057]  INFO {org.wso2.carbon.apimgt.jms.listener.utils.JMSTaskManager} -  Task manager for jms consumer 1000 shutdown {org.wso2.carbon.apimgt.jms.listener.utils.JMSTaskManager}
TID: [-1234] [] [2017-05-03 11:06:39,058]  INFO {org.wso2.carbon.apimgt.jms.listener.utils.JMSListener} -  Stopped listening for JMS messages to listener : Siddhi-JMS-Consumer#throttleData {org.wso2.carbon.apimgt.jms.listener.utils.JMSListener}
TID: [-1234] [] [2017-05-03 11:06:39,074]  INFO {org.wso2.andes.kernel.FlowControlManager} -  Prepare channels for shutdown. {org.wso2.andes.kernel.FlowControlManager}
TID: [-1234] [] [2017-05-03 11:06:39,076]  INFO {org.wso2.andes.kernel.MessagingEngine} -  Stopping SlotDelivery Worker. {org.wso2.andes.kernel.MessagingEngine}
TID: [-1] [] [2017-05-03 11:06:39,120]  INFO {org.wso2.andes.kernel.slot.SlotDeliveryWorker} -  SlotDeliveryWorker stopped. Thread name SlotDeliveryWorkerExecutor-0 with Thread Id : 241 {org.wso2.andes.kernel.slot.SlotDeliveryWorker}
TID: [-1234] [] [2017-05-03 11:06:39,177]  INFO {org.wso2.andes.kernel.slot.SlotMessageCounter} -  Stopping slot timeout task executor {org.wso2.andes.kernel.slot.SlotMessageCounter}
TID: [-1234] [] [2017-05-03 11:06:39,177]  INFO {org.wso2.andes.server.registry.ApplicationRegistry} -  Shutting down ApplicationRegistry(org.wso2.andes.server.registry.ConfigurationFileApplicationRegistry@502ccd2f) {org.wso2.andes.server.registry.ApplicationRegistry}
TID: [-1234] [] [2017-05-03 11:06:39,178]  INFO {org.wso2.andes.server.registry.ApplicationRegistry} -  Shutting down ApplicationRegistry:org.wso2.andes.server.registry.ConfigurationFileApplicationRegistry@502ccd2f {org.wso2.andes.server.registry.ApplicationRegistry}
TID: [-1234] [] [2017-05-03 11:06:39,373]  INFO {org.wso2.andes.server.security.auth.manager.PrincipalDatabaseAuthenticationManager} -  Unregistering UserManagementMBean {org.wso2.andes.server.security.auth.manager.PrincipalDatabaseAuthenticationManager}
TID: [-1234] [] [2017-05-03 11:06:39,391]  INFO {org.wso2.andes.server.cluster.ClusterManager} -  Clearing the Persisted State of Node with ID NODEsupun-Inspiron-5537/127.0.1.1 {org.wso2.andes.server.cluster.ClusterManager}
TID: [-1234] [] [2017-05-03 11:06:39,571]  INFO {org.wso2.andes.kernel.AndesKernelBoot} -  Stop syncing exchanges, queues, bindings and subscriptions... {org.wso2.andes.kernel.AndesKernelBoot}
TID: [-1234] [] [2017-05-03 11:06:39,792]  INFO {org.wso2.carbon.core.ServerManagement} -  All server tasks have been completed. {org.wso2.carbon.core.ServerManagement}
TID: [-1234] [] [2017-05-03 11:06:39,793]  INFO {org.wso2.carbon.core.init.CarbonServerManager} -  Shutting down WSO2 API Manager... {org.wso2.carbon.core.init.CarbonServerManager}
TID: [-1234] [] [2017-05-03 11:06:39,793]  INFO {org.wso2.carbon.core.init.CarbonServerManager} -  Shutting down OSGi framework... {org.wso2.carbon.core.init.CarbonServerManager}
TID: [-1234] [] [2017-05-03 11:06:40,360]  INFO {org.wso2.carbon.apimgt.jms.listener.utils.JMSTransportHandler} -  Starting to Shutdown the Listener... {org.wso2.carbon.apimgt.jms.listener.utils.JMSTransportHandler}
TID: [-1234] [] [2017-05-03 11:06:40,416]  INFO {org.apache.synapse.task.SynapseTaskManager} -  Shutting down the task manager {org.apache.synapse.task.SynapseTaskManager}
TID: [-1234] [] [2017-05-03 11:06:40,438]  INFO {org.wso2.carbon.databridge.receiver.binary.internal.BinaryDataReceiverServiceComponent} -  Binary Data Receiver server shutting down... {org.wso2.carbon.databridge.receiver.binary.internal.BinaryDataReceiverServiceComponent}
TID: [-1234] [] [2017-05-03 11:06:40,438]  INFO {org.wso2.carbon.databridge.receiver.binary.internal.BinaryDataReceiver} -  Stopping Binary Server.. {org.wso2.carbon.databridge.receiver.binary.internal.BinaryDataReceiver}
TID: [-1234] [] [2017-05-03 11:06:40,440]  INFO {org.wso2.carbon.databridge.receiver.thrift.internal.ThriftDataReceiverDS} -  Thrift server shutting down... {org.wso2.carbon.databridge.receiver.thrift.internal.ThriftDataReceiverDS}
TID: [-1234] [] [2017-05-03 11:06:40,614]  INFO {org.wso2.carbon.event.receiver.core.EventReceiverDeployer} -  Event Receiver undeployed successfully: throttleWSO2EventReceiver.xml {org.wso2.carbon.event.receiver.core.EventReceiverDeployer}
TID: [-1234] [] [2017-05-03 11:06:40,647]  INFO {org.wso2.carbon.event.receiver.core.EventReceiverDeployer} -  Event receiver deployment held back and in inactive state: throttleWSO2EventReceiver.xml, waiting for Input Event Adapter dependency: wso2event {org.wso2.carbon.event.receiver.core.EventReceiverDeployer}
TID: [-1234] [] [2017-05-03 11:06:40,648]  INFO {org.wso2.carbon.event.receiver.core.internal.CarbonEventReceiverService} -  Event receiver : throttleWSO2EventReceiver in inactive state because dependency could not be found: wso2event {org.wso2.carbon.event.receiver.core.internal.CarbonEventReceiverService}
TID: [-1234] [] [2017-05-03 11:06:40,679]  INFO {org.wso2.carbon.event.publisher.core.EventPublisherDeployer} -  Event Publisher undeployed successfully : jmsEventPublisher.xml {org.wso2.carbon.event.publisher.core.EventPublisherDeployer}
TID: [-1234] [] [2017-05-03 11:06:40,699]  INFO {org.wso2.carbon.event.publisher.core.EventPublisherDeployer} -  Event Publisher deployment held back and in inactive state : jmsEventPublisher.xml, waiting for Output Event Adapter dependency : jms {org.wso2.carbon.event.publisher.core.EventPublisherDeployer}
TID: [-1234] [] [2017-05-03 11:06:40,699]  INFO {org.wso2.carbon.event.publisher.core.internal.CarbonEventPublisherService} -  Event publisher : jmsEventPublisher  is in inactive state because dependency could not be found : jms {org.wso2.carbon.event.publisher.core.internal.CarbonEventPublisherService}
TID: [-1234] [] [2017-05-03 11:06:40,881]  INFO {org.wso2.carbon.event.processor.core.internal.CarbonEventProcessorService} -  Successfully shutdown ExecutionPlans {org.wso2.carbon.event.processor.core.internal.CarbonEventProcessorService}
TID: [-1234] [] [2017-05-03 11:06:40,892]  INFO {org.wso2.carbon.core.init.CarbonServerManager} -  Stopping CarbonServerManager... {org.wso2.carbon.core.init.CarbonServerManager}
TID: [-1] [] [2017-05-03 11:06:41,023]  INFO {org.apache.synapse.transport.passthru.PassThroughHttpSender} -  HTTP Sender shutdown {org.apache.synapse.transport.passthru.PassThroughHttpSender}
TID: [-1] [] [2017-05-03 11:06:41,078]  INFO {org.apache.synapse.transport.passthru.PassThroughHttpSSLSender} -  HTTPS Sender shutdown {org.apache.synapse.transport.passthru.PassThroughHttpSSLSender}
TID: [-1234] [] [2017-05-03 11:06:41,078]  INFO {org.wso2.carbon.websocket.transport.WebsocketTransportSender} -  WS Sender Shutdown {org.wso2.carbon.websocket.transport.WebsocketTransportSender}
TID: [-1234] [] [2017-05-03 11:06:41,078]  INFO {org.apache.synapse.transport.passthru.PassThroughHttpListener} -  Destroying PassThroughHttpListener {org.apache.synapse.transport.passthru.PassThroughHttpListener}
TID: [-1234] [] [2017-05-03 11:06:41,078]  INFO {org.apache.synapse.transport.passthru.PassThroughHttpSSLListener} -  Destroying PassThroughHttpListener {org.apache.synapse.transport.passthru.PassThroughHttpSSLListener}
TID: [-1234] [] [2017-05-03 11:06:43,474]  INFO {org.wso2.carbon.tomcat.ext.internal.CarbonTomcatServiceComponent} -  Stopping the carbon web-app registered under : / {org.wso2.carbon.tomcat.ext.internal.CarbonTomcatServiceComponent}
TID: [-1234] [] [2017-05-03 11:06:43,539]  INFO {org.wso2.carbon.metrics.impl.reporter.AbstractReporter} -  Stopped JDBC reporter for Metrics {org.wso2.carbon.metrics.impl.reporter.AbstractReporter}
TID: [-1234] [] [2017-05-03 11:06:43,539]  INFO {org.wso2.carbon.metrics.impl.reporter.AbstractReporter} -  Stopped JMX reporter for Metrics {org.wso2.carbon.metrics.impl.reporter.AbstractReporter}
TID: [-1234] [] [2017-05-03 11:06:47,095]  INFO {org.wso2.carbon.core.init.CarbonServerManager} -  Shutdown complete {org.wso2.carbon.core.init.CarbonServerManager}
TID: [-1234] [] [2017-05-03 11:06:47,095]  INFO {org.wso2.carbon.core.init.CarbonServerManager} -  Halting JVM {org.wso2.carbon.core.init.CarbonServerManager}
TID: [-1] [] [2017-05-03 11:07:25,446]  INFO {org.wso2.andes.wso2.internal.QpidBundleActivator} -  Setting BundleContext in PluginManager {org.wso2.andes.wso2.internal.QpidBundleActivator}
TID: [-1234] [] [2017-05-03 11:07:29,755]  INFO {org.wso2.carbon.core.internal.CarbonCoreActivator} -  Starting WSO2 Carbon... {org.wso2.carbon.core.internal.CarbonCoreActivator}
TID: [-1234] [] [2017-05-03 11:07:29,755]  INFO {org.wso2.carbon.core.internal.CarbonCoreActivator} -  Operating System : Linux 4.4.0-75-generic, amd64 {org.wso2.carbon.core.internal.CarbonCoreActivator}
TID: [-1234] [] [2017-05-03 11:07:29,756]  INFO {org.wso2.carbon.core.internal.CarbonCoreActivator} -  Java Home        : /usr/lib/jvm/java-8-oracle/jre {org.wso2.carbon.core.internal.CarbonCoreActivator}
TID: [-1234] [] [2017-05-03 11:07:29,756]  INFO {org.wso2.carbon.core.internal.CarbonCoreActivator} -  Java Version     : 1.8.0_121 {org.wso2.carbon.core.internal.CarbonCoreActivator}
TID: [-1234] [] [2017-05-03 11:07:29,756]  INFO {org.wso2.carbon.core.internal.CarbonCoreActivator} -  Java VM          : Java HotSpot(TM) 64-Bit Server VM 25.121-b13,Oracle Corporation {org.wso2.carbon.core.internal.CarbonCoreActivator}
TID: [-1234] [] [2017-05-03 11:07:29,756]  INFO {org.wso2.carbon.core.internal.CarbonCoreActivator} -  Carbon Home      : /home/supun/wso2/wso2am-2.1.0 {org.wso2.carbon.core.internal.CarbonCoreActivator}
TID: [-1234] [] [2017-05-03 11:07:29,756]  INFO {org.wso2.carbon.core.internal.CarbonCoreActivator} -  Java Temp Dir    : /home/supun/wso2/wso2am-2.1.0/tmp {org.wso2.carbon.core.internal.CarbonCoreActivator}
TID: [-1234] [] [2017-05-03 11:07:29,756]  INFO {org.wso2.carbon.core.internal.CarbonCoreActivator} -  User             : supun, en-US, Asia/Colombo {org.wso2.carbon.core.internal.CarbonCoreActivator}
TID: [-1234] [] [2017-05-03 11:07:30,094]  WARN {org.wso2.carbon.core.bootup.validator.util.ValidationResultPrinter} -  Carbon is configured to use the default keystore (wso2carbon.jks). To maximize security when deploying to a production environment, configure a new keystore with a unique password in the production server profile. {org.wso2.carbon.core.bootup.validator.util.ValidationResultPrinter}
TID: [-1] [] [2017-05-03 11:07:32,045]  INFO {org.wso2.carbon.event.output.adapter.kafka.internal.ds.KafkaEventAdapterServiceDS} -  Successfully deployed the Kafka output event adaptor service {org.wso2.carbon.event.output.adapter.kafka.internal.ds.KafkaEventAdapterServiceDS}
TID: [-1] [] [2017-05-03 11:07:32,218]  INFO {org.wso2.carbon.event.processor.manager.core.internal.util.ManagementModeConfigurationLoader} -  CEP started in Single node mode {org.wso2.carbon.event.processor.manager.core.internal.util.ManagementModeConfigurationLoader}
TID: [-1] [] [2017-05-03 11:07:32,301]  INFO {org.wso2.carbon.event.template.manager.core.internal.ds.TemplateDeployerServiceTrackerDS} -  Successfully deployed the execution manager tracker service {org.wso2.carbon.event.template.manager.core.internal.ds.TemplateDeployerServiceTrackerDS}
TID: [-1234] [] [2017-05-03 11:07:41,531]  INFO {org.wso2.carbon.databridge.receiver.binary.internal.BinaryDataReceiver} -  Started Binary SSL Transport on port : 9711 {org.wso2.carbon.databridge.receiver.binary.internal.BinaryDataReceiver}
TID: [-1234] [] [2017-05-03 11:07:41,532]  INFO {org.wso2.carbon.databridge.receiver.binary.internal.BinaryDataReceiver} -  Started Binary TCP Transport on port : 9611 {org.wso2.carbon.databridge.receiver.binary.internal.BinaryDataReceiver}
TID: [-1234] [] [2017-05-03 11:07:41,568]  INFO {org.wso2.carbon.databridge.core.internal.DataBridgeDS} -  Successfully deployed Agent Server  {org.wso2.carbon.databridge.core.internal.DataBridgeDS}
TID: [-1234] [] [2017-05-03 11:07:46,988]  INFO {org.wso2.carbon.registry.core.jdbc.EmbeddedRegistryService} -  Configured Registry in 363ms {org.wso2.carbon.registry.core.jdbc.EmbeddedRegistryService}
TID: [-1234] [] [2017-05-03 11:07:47,062]  INFO {org.wso2.carbon.registry.core.jdbc.EmbeddedRegistryService} -  Connected to mount at govregistry in 1ms {org.wso2.carbon.registry.core.jdbc.EmbeddedRegistryService}
TID: [-1234] [] [2017-05-03 11:07:47,208]  INFO {org.wso2.carbon.registry.core.jdbc.EmbeddedRegistryService} -  Connected to mount at govregistry in 0ms {org.wso2.carbon.registry.core.jdbc.EmbeddedRegistryService}
TID: [-1234] [] [2017-05-03 11:07:47,217]  INFO {org.wso2.carbon.registry.core.internal.RegistryCoreServiceComponent} -  Registry Mode    : READ-WRITE {org.wso2.carbon.registry.core.internal.RegistryCoreServiceComponent}
TID: [-1234] [] [2017-05-03 11:07:47,610]  INFO {org.wso2.andes.configuration.AndesConfigurationManager} -  Main andes configuration located at : /home/supun/wso2/wso2am-2.1.0/repository/conf/broker.xml {org.wso2.andes.configuration.AndesConfigurationManager}
TID: [-1234] [] [2017-05-03 11:07:49,412]  INFO {org.wso2.andes.configuration.AndesConfigurationManager} -  Main andes configuration located at : /home/supun/wso2/wso2am-2.1.0/repository/conf/broker.xml {org.wso2.andes.configuration.AndesConfigurationManager}
TID: [-1234] [] [2017-05-03 11:08:01,852]  INFO {org.wso2.carbon.metrics.impl.util.JDBCReporterBuilder} -  Creating JDBC reporter for Metrics with source 'supun-Inspiron-5537', data source 'jdbc/WSO2MetricsDB' and 60 seconds polling period {org.wso2.carbon.metrics.impl.util.JDBCReporterBuilder}
TID: [-1234] [] [2017-05-03 11:08:01,854]  INFO {org.wso2.carbon.metrics.impl.util.JmxReporterBuilder} -  Creating JMX reporter for Metrics with domain 'org.wso2.carbon.metrics' {org.wso2.carbon.metrics.impl.util.JmxReporterBuilder}
TID: [-1234] [] [2017-05-03 11:08:01,858]  INFO {org.wso2.carbon.metrics.impl.reporter.AbstractReporter} -  Started JMX reporter for Metrics {org.wso2.carbon.metrics.impl.reporter.AbstractReporter}
TID: [-1234] [] [2017-05-03 11:08:01,866]  INFO {org.wso2.carbon.metrics.impl.reporter.AbstractReporter} -  Started JDBC reporter for Metrics {org.wso2.carbon.metrics.impl.reporter.AbstractReporter}
TID: [-1234] [] [2017-05-03 11:08:20,238]  INFO {org.wso2.carbon.registry.indexing.solr.SolrClient} -  Default Embedded Solr Server Initialized {org.wso2.carbon.registry.indexing.solr.SolrClient}
TID: [-1234] [] [2017-05-03 11:08:21,234]  INFO {org.wso2.carbon.user.core.internal.UserStoreMgtDSComponent} -  Carbon UserStoreMgtDSComponent activated successfully. {org.wso2.carbon.user.core.internal.UserStoreMgtDSComponent}
TID: [-1] [] [2017-05-03 11:08:56,032]  INFO {org.apache.catalina.startup.TaglibUriRule} -  TLD skipped. URI: http://tiles.apache.org/tags-tiles is already defined {org.apache.catalina.startup.TaglibUriRule}
TID: [-1234] [] [2017-05-03 11:08:59,853]  INFO {org.apache.axis2.deployment.ClusterBuilder} -  Clustering has been disabled {org.apache.axis2.deployment.ClusterBuilder}
TID: [-1234] [] [2017-05-03 11:09:00,454]  INFO {org.wso2.carbon.identity.user.store.configuration.deployer.UserStoreConfigurationDeployer} -  User Store Configuration Deployer initiated. {org.wso2.carbon.identity.user.store.configuration.deployer.UserStoreConfigurationDeployer}
TID: [-1234] [] [2017-05-03 11:09:00,454]  INFO {org.wso2.carbon.identity.user.store.configuration.deployer.UserStoreConfigurationDeployer} -  User Store Configuration Deployer initiated. {org.wso2.carbon.identity.user.store.configuration.deployer.UserStoreConfigurationDeployer}
TID: [-1234] [] [2017-05-03 11:09:02,077]  INFO {org.apache.synapse.transport.passthru.PassThroughHttpSender} -  Initializing Pass-through HTTP/S Sender... {org.apache.synapse.transport.passthru.PassThroughHttpSender}
TID: [-1234] [] [2017-05-03 11:09:02,120]  INFO {org.apache.synapse.transport.passthru.PassThroughHttpSender} -  No proxy configuration found {org.apache.synapse.transport.passthru.PassThroughHttpSender}
TID: [-1234] [] [2017-05-03 11:09:02,565]  INFO {org.apache.synapse.transport.passthru.PassThroughHttpSender} -  Pass-through HTTP Sender started... {org.apache.synapse.transport.passthru.PassThroughHttpSender}
TID: [-1234] [] [2017-05-03 11:09:02,567]  INFO {org.apache.synapse.transport.passthru.PassThroughHttpSSLSender} -  Initializing Pass-through HTTP/S Sender... {org.apache.synapse.transport.passthru.PassThroughHttpSSLSender}
TID: [-1234] [] [2017-05-03 11:09:02,567]  INFO {org.apache.synapse.transport.passthru.PassThroughHttpSSLSender} -  No proxy configuration found {org.apache.synapse.transport.passthru.PassThroughHttpSSLSender}
TID: [-1234] [] [2017-05-03 11:09:02,569]  INFO {org.apache.synapse.transport.nhttp.config.ClientConnFactoryBuilder} -  HTTPS Loading Identity Keystore from : repository/resources/security/wso2carbon.jks {org.apache.synapse.transport.nhttp.config.ClientConnFactoryBuilder}
TID: [-1234] [] [2017-05-03 11:09:02,575]  INFO {org.apache.synapse.transport.nhttp.config.ClientConnFactoryBuilder} -  HTTPS Loading Trust Keystore from : repository/resources/security/client-truststore.jks {org.apache.synapse.transport.nhttp.config.ClientConnFactoryBuilder}
TID: [-1234] [] [2017-05-03 11:09:02,588]  INFO {org.apache.synapse.transport.passthru.PassThroughHttpSSLSender} -  Pass-through HTTPS Sender started... {org.apache.synapse.transport.passthru.PassThroughHttpSSLSender}
TID: [-1234] [] [2017-05-03 11:09:02,593]  INFO {org.wso2.carbon.websocket.transport.WebsocketTransportSender} -  WS Sender started {org.wso2.carbon.websocket.transport.WebsocketTransportSender}
TID: [-1234] [] [2017-05-03 11:09:02,626]  INFO {org.apache.synapse.transport.passthru.PassThroughHttpListener} -  Initializing Pass-through HTTP/S Listener... {org.apache.synapse.transport.passthru.PassThroughHttpListener}
TID: [-1234] [] [2017-05-03 11:09:02,705]  INFO {org.apache.synapse.transport.passthru.PassThroughHttpSSLListener} -  Initializing Pass-through HTTP/S Listener... {org.apache.synapse.transport.passthru.PassThroughHttpSSLListener}
TID: [-1234] [] [2017-05-03 11:09:03,330]  INFO {org.apache.axis2.deployment.ModuleDeployer} -  Deploying module: addressing-1.6.1-wso2v20 - file:/home/supun/wso2/wso2am-2.1.0/repository/deployment/client/modules/addressing-1.6.1-wso2v20.mar {org.apache.axis2.deployment.ModuleDeployer}
TID: [-1234] [] [2017-05-03 11:09:04,204]  INFO {org.apache.axis2.deployment.DeploymentEngine} -  Deploying Web service: org.wso2.carbon.andes.admin-3.1.6 -  {org.apache.axis2.deployment.DeploymentEngine}
TID: [-1234] [] [2017-05-03 11:09:04,303]  INFO {org.apache.axis2.deployment.DeploymentEngine} -  Deploying Web service: org.wso2.carbon.andes.event.admin-3.1.6 -  {org.apache.axis2.deployment.DeploymentEngine}
TID: [-1234] [] [2017-05-03 11:09:05,764]  INFO {org.apache.axis2.deployment.DeploymentEngine} -  Deploying Web service: org.wso2.carbon.identity.application.authentication.framework-5.7.5 -  {org.apache.axis2.deployment.DeploymentEngine}
TID: [-1234] [] [2017-05-03 11:09:05,998]  INFO {org.apache.axis2.deployment.DeploymentEngine} -  Deploying Web service: org.wso2.carbon.identity.discovery-5.3.4 -  {org.apache.axis2.deployment.DeploymentEngine}
TID: [-1234] [] [2017-05-03 11:09:06,221]  INFO {org.apache.axis2.deployment.DeploymentEngine} -  Deploying Web service: org.wso2.carbon.identity.webfinger-5.3.4 -  {org.apache.axis2.deployment.DeploymentEngine}
TID: [-1234] [] [2017-05-03 11:09:06,586]  INFO {org.apache.axis2.deployment.DeploymentEngine} -  Deploying Web service: org.wso2.carbon.message.processor-4.6.10 -  {org.apache.axis2.deployment.DeploymentEngine}
TID: [-1234] [] [2017-05-03 11:09:06,602]  INFO {org.apache.axis2.deployment.DeploymentEngine} -  Deploying Web service: org.wso2.carbon.message.store-4.6.10 -  {org.apache.axis2.deployment.DeploymentEngine}
TID: [-1234] [] [2017-05-03 11:09:07,279]  INFO {org.apache.axis2.deployment.DeploymentEngine} -  Deploying Web service: org.wso2.carbon.registry.ws.api-4.6.0 -  {org.apache.axis2.deployment.DeploymentEngine}
TID: [-1234] [] [2017-05-03 11:09:09,182]  INFO {org.wso2.carbon.core.init.CarbonServerManager} -  Repository       : /home/supun/wso2/wso2am-2.1.0/repository/deployment/server/ {org.wso2.carbon.core.init.CarbonServerManager}
TID: [-1] [] [2017-05-03 11:09:09,190]  INFO {org.wso2.carbon.event.input.adapter.kafka.internal.ds.KafkaEventAdapterServiceHolder} -  Kafka input event adaptor waiting for dependent configurations to load {org.wso2.carbon.event.input.adapter.kafka.internal.ds.KafkaEventAdapterServiceHolder}
TID: [-1234] [] [2017-05-03 11:09:09,410]  INFO {org.wso2.carbon.event.stream.core.internal.util.helper.EventStreamConfigurationFileSystemInvoker} -  Stream definition configuration for DAS_MESSAGE_TRACE:1.0.0 saved in the filesystem {org.wso2.carbon.event.stream.core.internal.util.helper.EventStreamConfigurationFileSystemInvoker}
TID: [-1234] [] [2017-05-03 11:09:09,436]  INFO {org.wso2.carbon.event.stream.core.EventStreamDeployer} -  Stream definition is deployed successfully  : DAS_MESSAGE_TRACE:1.0.0 {org.wso2.carbon.event.stream.core.EventStreamDeployer}
TID: [-1234] [] [2017-05-03 11:09:09,456]  INFO {org.wso2.carbon.andes.core.internal.ds.QueueManagerServiceDS} -  Successfully created the queue manager service {org.wso2.carbon.andes.core.internal.ds.QueueManagerServiceDS}
TID: [-1234] [] [2017-05-03 11:09:09,469]  INFO {org.wso2.carbon.andes.core.internal.ds.SubscriptionManagerServiceDS} -  Successfully created the subscription manager service {org.wso2.carbon.andes.core.internal.ds.SubscriptionManagerServiceDS}
TID: [-1234] [] [2017-05-03 11:09:10,465]  INFO {org.wso2.carbon.core.multitenancy.eager.TenantLoadingConfig} -  Using tenant lazy loading policy... {org.wso2.carbon.core.multitenancy.eager.TenantLoadingConfig}
TID: [-1234] [] [2017-05-03 11:09:10,487]  INFO {org.wso2.carbon.core.internal.permission.update.PermissionUpdater} -  Permission cache updated for tenant -1234 {org.wso2.carbon.core.internal.permission.update.PermissionUpdater}
TID: [-1234] [] [2017-05-03 11:09:11,887]  INFO {org.wso2.carbon.user.core.internal.UserStoreMgtDSComponent} -  Claim manager set for class org.wso2.carbon.user.core.common.DefaultRealm {org.wso2.carbon.user.core.internal.UserStoreMgtDSComponent}
TID: [-1234] [] [2017-05-03 11:09:11,888]  INFO {org.wso2.carbon.user.core.internal.UserStoreMgtDSComponent} -  Claim manager set for class org.wso2.carbon.user.core.jdbc.JDBCUserStoreManager {org.wso2.carbon.user.core.internal.UserStoreMgtDSComponent}
TID: [-1234] [] [2017-05-03 11:09:12,123]  INFO {org.wso2.carbon.identity.oauth2.internal.OAuth2ServiceComponent} -  PKCE Support enabled. {org.wso2.carbon.identity.oauth2.internal.OAuth2ServiceComponent}
TID: [-1] [] [2017-05-03 11:09:13,010]  INFO {org.wso2.carbon.identity.entitlement.internal.SchemaBuilder} -  XACML policy schema loaded successfully. {org.wso2.carbon.identity.entitlement.internal.SchemaBuilder}
TID: [-1234] [] [2017-05-03 11:09:14,573]  INFO {org.wso2.carbon.mediation.initializer.ServiceBusInitializer} -  Starting ESB... {org.wso2.carbon.mediation.initializer.ServiceBusInitializer}
TID: [-1234] [] [2017-05-03 11:09:14,601]  INFO {org.wso2.carbon.mediation.initializer.ServiceBusInitializer} -  Initializing Apache Synapse... {org.wso2.carbon.mediation.initializer.ServiceBusInitializer}
TID: [-1234] [] [2017-05-03 11:09:14,609]  INFO {org.apache.synapse.SynapseControllerFactory} -  Using Synapse home : /home/supun/wso2/wso2am-2.1.0/. {org.apache.synapse.SynapseControllerFactory}
TID: [-1234] [] [2017-05-03 11:09:14,609]  INFO {org.apache.synapse.SynapseControllerFactory} -  Using synapse.xml location : /home/supun/wso2/wso2am-2.1.0/././repository/deployment/server/synapse-configs/default {org.apache.synapse.SynapseControllerFactory}
TID: [-1234] [] [2017-05-03 11:09:14,610]  INFO {org.apache.synapse.SynapseControllerFactory} -  Using server name : localhost {org.apache.synapse.SynapseControllerFactory}
TID: [-1234] [] [2017-05-03 11:09:14,616]  INFO {org.apache.synapse.SynapseControllerFactory} -  The timeout handler will run every : 15s {org.apache.synapse.SynapseControllerFactory}
TID: [-1234] [] [2017-05-03 11:09:14,627]  INFO {org.apache.synapse.Axis2SynapseController} -  Initializing Synapse at : Wed May 03 11:09:14 IST 2017 {org.apache.synapse.Axis2SynapseController}
TID: [-1234] [] [2017-05-03 11:09:14,637]  INFO {org.wso2.carbon.mediation.initializer.CarbonSynapseController} -  Loading the mediation configuration from the file system {org.wso2.carbon.mediation.initializer.CarbonSynapseController}
TID: [-1234] [] [2017-05-03 11:09:14,640]  INFO {org.apache.synapse.config.xml.MultiXMLConfigurationBuilder} -  Building synapse configuration from the synapse artifact repository at : ././repository/deployment/server/synapse-configs/default {org.apache.synapse.config.xml.MultiXMLConfigurationBuilder}
TID: [-1234] [] [2017-05-03 11:09:14,640]  INFO {org.apache.synapse.config.xml.XMLConfigurationBuilder} -  Generating the Synapse configuration model by parsing the XML configuration {org.apache.synapse.config.xml.XMLConfigurationBuilder}
TID: [-1234] [] [2017-05-03 11:09:15,278]  INFO {org.wso2.carbon.mediation.dependency.mgt.DependencyTracker} -  Sequence : main was added to the Synapse configuration successfully {org.wso2.carbon.mediation.dependency.mgt.DependencyTracker}
TID: [-1234] [] [2017-05-03 11:09:15,342]  INFO {org.wso2.carbon.mediation.dependency.mgt.DependencyTracker} -  Sequence : _resource_mismatch_handler_ was added to the Synapse configuration successfully {org.wso2.carbon.mediation.dependency.mgt.DependencyTracker}
TID: [-1234] [] [2017-05-03 11:09:15,591]  INFO {org.wso2.carbon.mediation.dependency.mgt.DependencyTracker} -  Sequence : _throttle_out_handler_ was added to the Synapse configuration successfully {org.wso2.carbon.mediation.dependency.mgt.DependencyTracker}
TID: [-1234] [] [2017-05-03 11:09:15,670]  INFO {org.wso2.carbon.mediation.dependency.mgt.DependencyTracker} -  Sequence : _token_fault_ was added to the Synapse configuration successfully {org.wso2.carbon.mediation.dependency.mgt.DependencyTracker}
TID: [-1234] [] [2017-05-03 11:09:15,690]  INFO {org.wso2.carbon.mediation.dependency.mgt.DependencyTracker} -  Sequence : _production_key_error_ was added to the Synapse configuration successfully {org.wso2.carbon.mediation.dependency.mgt.DependencyTracker}
TID: [-1234] [] [2017-05-03 11:09:15,741]  INFO {org.wso2.carbon.mediation.dependency.mgt.DependencyTracker} -  Sequence : fault was added to the Synapse configuration successfully {org.wso2.carbon.mediation.dependency.mgt.DependencyTracker}
TID: [-1234] [] [2017-05-03 11:09:15,752]  INFO {org.wso2.carbon.mediation.dependency.mgt.DependencyTracker} -  Sequence : _sandbox_key_error_ was added to the Synapse configuration successfully {org.wso2.carbon.mediation.dependency.mgt.DependencyTracker}
TID: [-1234] [] [2017-05-03 11:09:15,793]  INFO {org.wso2.carbon.mediation.dependency.mgt.DependencyTracker} -  Sequence : _cors_request_handler_ was added to the Synapse configuration successfully {org.wso2.carbon.mediation.dependency.mgt.DependencyTracker}
TID: [-1234] [] [2017-05-03 11:09:15,853]  INFO {org.wso2.carbon.mediation.dependency.mgt.DependencyTracker} -  Sequence : _auth_failure_handler_ was added to the Synapse configuration successfully {org.wso2.carbon.mediation.dependency.mgt.DependencyTracker}
TID: [-1234] [] [2017-05-03 11:09:15,883]  INFO {org.wso2.carbon.mediation.dependency.mgt.DependencyTracker} -  Sequence : dispatchSeq was added to the Synapse configuration successfully {org.wso2.carbon.mediation.dependency.mgt.DependencyTracker}
TID: [-1234] [] [2017-05-03 11:09:15,898]  INFO {org.wso2.carbon.mediation.dependency.mgt.DependencyTracker} -  Sequence : _build_ was added to the Synapse configuration successfully {org.wso2.carbon.mediation.dependency.mgt.DependencyTracker}
TID: [-1234] [] [2017-05-03 11:09:15,930]  INFO {org.wso2.carbon.mediation.dependency.mgt.DependencyTracker} -  Sequence : outDispatchSeq was added to the Synapse configuration successfully {org.wso2.carbon.mediation.dependency.mgt.DependencyTracker}
TID: [-1234] [] [2017-05-03 11:09:15,967]  INFO {org.wso2.carbon.mediation.dependency.mgt.DependencyTracker} -  Proxy service : WorkflowCallbackService was added to the Synapse configuration successfully {org.wso2.carbon.mediation.dependency.mgt.DependencyTracker}
TID: [-1234] [] [2017-05-03 11:09:15,986]  INFO {org.wso2.carbon.mediation.dependency.mgt.DependencyTracker} -  API : _WSO2AMRevokeAPI_ was added to the Synapse configuration successfully {org.wso2.carbon.mediation.dependency.mgt.DependencyTracker}
TID: [-1234] [] [2017-05-03 11:09:16,141]  INFO {org.wso2.carbon.mediation.dependency.mgt.DependencyTracker} -  API : admin--Pay:v1.0.0 was added to the Synapse configuration successfully {org.wso2.carbon.mediation.dependency.mgt.DependencyTracker}
TID: [-1234] [] [2017-05-03 11:09:16,145]  INFO {org.wso2.carbon.mediation.dependency.mgt.DependencyTracker} -  API : _WSO2AMAuthorizeAPI_ was added to the Synapse configuration successfully {org.wso2.carbon.mediation.dependency.mgt.DependencyTracker}
TID: [-1234] [] [2017-05-03 11:09:16,186]  INFO {org.wso2.carbon.mediation.dependency.mgt.DependencyTracker} -  API : admin--LoginApi:v1.0.0 was added to the Synapse configuration successfully {org.wso2.carbon.mediation.dependency.mgt.DependencyTracker}
TID: [-1234] [] [2017-05-03 11:09:16,230]  INFO {org.wso2.carbon.mediation.dependency.mgt.DependencyTracker} -  API : _WSO2AMTokenAPI_ was added to the Synapse configuration successfully {org.wso2.carbon.mediation.dependency.mgt.DependencyTracker}
TID: [-1234] [] [2017-05-03 11:09:16,293]  INFO {org.wso2.carbon.mediation.dependency.mgt.DependencyTracker} -  API : admin--Login:v1.0.0 was added to the Synapse configuration successfully {org.wso2.carbon.mediation.dependency.mgt.DependencyTracker}
TID: [-1234] [] [2017-05-03 11:09:16,329]  INFO {org.wso2.carbon.mediation.dependency.mgt.DependencyTracker} -  API : admin--PizzaShackAPI:v1.0.0 was added to the Synapse configuration successfully {org.wso2.carbon.mediation.dependency.mgt.DependencyTracker}
TID: [-1] [] [2017-05-03 11:09:16,359]  INFO {org.wso2.carbon.databridge.core.DataBridge} -  user admin connected {org.wso2.carbon.databridge.core.DataBridge}
TID: [-1234] [] [2017-05-03 11:09:16,372]  INFO {org.wso2.carbon.mediation.dependency.mgt.DependencyTracker} -  API : admin--Varification:v1.0.0 was added to the Synapse configuration successfully {org.wso2.carbon.mediation.dependency.mgt.DependencyTracker}
TID: [-1234] [] [2017-05-03 11:09:16,383]  INFO {org.wso2.carbon.mediation.dependency.mgt.DependencyTracker} -  API : _WSO2AMUserInfoAPI_ was added to the Synapse configuration successfully {org.wso2.carbon.mediation.dependency.mgt.DependencyTracker}
TID: [-1234] [] [2017-05-03 11:09:16,400]  INFO {org.wso2.carbon.mediation.dependency.mgt.DependencyTracker} -  API : admin--Register:v1.0.0 was added to the Synapse configuration successfully {org.wso2.carbon.mediation.dependency.mgt.DependencyTracker}
TID: [-1234] [] [2017-05-03 11:09:16,447]  INFO {org.wso2.carbon.mediation.dependency.mgt.DependencyTracker} -  API : admin--DirectPay:v1.0.0 was added to the Synapse configuration successfully {org.wso2.carbon.mediation.dependency.mgt.DependencyTracker}
TID: [-1234] [] [2017-05-03 11:09:16,477]  INFO {org.wso2.carbon.mediation.dependency.mgt.DependencyTracker} -  Inbound Endpoint : WebSocketInboundEndpoint was added to the Synapse configuration successfully {org.wso2.carbon.mediation.dependency.mgt.DependencyTracker}
TID: [-1234] [] [2017-05-03 11:09:16,478]  INFO {org.apache.synapse.config.SynapseConfigurationBuilder} -  Loaded Synapse configuration from the artifact repository at : ././repository/deployment/server/synapse-configs/default {org.apache.synapse.config.SynapseConfigurationBuilder}
TID: [-1234] [] [2017-05-03 11:09:16,479]  INFO {org.wso2.carbon.mediation.dependency.mgt.DependencyTracker} -  Local entry : SERVER_HOST was added to the Synapse configuration successfully {org.wso2.carbon.mediation.dependency.mgt.DependencyTracker}
TID: [-1234] [] [2017-05-03 11:09:16,479]  INFO {org.wso2.carbon.mediation.dependency.mgt.DependencyTracker} -  Local entry : SERVER_IP was added to the Synapse configuration successfully {org.wso2.carbon.mediation.dependency.mgt.DependencyTracker}
TID: [-1234] [] [2017-05-03 11:09:16,482]  INFO {org.apache.synapse.Axis2SynapseController} -  Loading mediator extensions... {org.apache.synapse.Axis2SynapseController}
TID: [-1234] [] [2017-05-03 11:09:16,649]  INFO {org.wso2.carbon.core.deployment.DeploymentInterceptor} -  Deploying Axis2 service: echo {super-tenant} {org.wso2.carbon.core.deployment.DeploymentInterceptor}
TID: [-1234] [] [2017-05-03 11:09:16,649]  INFO {org.apache.axis2.deployment.DeploymentEngine} -  Deploying Web service: Echo.aar - file:/home/supun/wso2/wso2am-2.1.0/repository/deployment/server/axis2services/Echo.aar {org.apache.axis2.deployment.DeploymentEngine}
TID: [-1234] [] [2017-05-03 11:09:16,684]  INFO {org.wso2.carbon.core.deployment.DeploymentInterceptor} -  Deploying Axis2 service: Version {super-tenant} {org.wso2.carbon.core.deployment.DeploymentInterceptor}
TID: [-1234] [] [2017-05-03 11:09:16,684]  INFO {org.apache.axis2.deployment.DeploymentEngine} -  Deploying Web service: Version.aar - file:/home/supun/wso2/wso2am-2.1.0/repository/deployment/server/axis2services/Version.aar {org.apache.axis2.deployment.DeploymentEngine}
TID: [-1234] [] [2017-05-03 11:09:16,708]  INFO {org.wso2.carbon.event.stream.core.EventStreamDeployer} -  Stream definition is deployed successfully  : org.wso2.throttle.globalThrottle.stream:1.0.0 {org.wso2.carbon.event.stream.core.EventStreamDeployer}
TID: [-1234] [] [2017-05-03 11:09:16,730]  INFO {org.wso2.carbon.event.stream.core.EventStreamDeployer} -  Stream definition is deployed successfully  : org.wso2.throttle.processed.request.stream:1.0.0 {org.wso2.carbon.event.stream.core.EventStreamDeployer}
TID: [-1234] [] [2017-05-03 11:09:16,763]  INFO {org.wso2.carbon.event.stream.core.EventStreamDeployer} -  Stream definition is deployed successfully  : org.wso2.throttle.request.stream:1.0.0 {org.wso2.carbon.event.stream.core.EventStreamDeployer}
TID: [-1234] [] [2017-05-03 11:09:16,776]  INFO {org.wso2.carbon.event.stream.core.internal.EventJunction} -  WSO2EventConsumer added to the junction. Stream:org.wso2.throttle.globalThrottle.stream:1.0.0 {org.wso2.carbon.event.stream.core.internal.EventJunction}
TID: [-1234] [] [2017-05-03 11:09:16,777]  INFO {org.wso2.carbon.event.publisher.core.EventPublisherDeployer} -  Event Publisher configuration successfully deployed and in active state : jmsEventPublisher {org.wso2.carbon.event.publisher.core.EventPublisherDeployer}
TID: [-1234] [] [2017-05-03 11:09:16,788]  INFO {org.wso2.carbon.event.input.adapter.core.internal.InputAdapterRuntime} -  Connecting receiver throttleWSO2EventReceiver {org.wso2.carbon.event.input.adapter.core.internal.InputAdapterRuntime}
TID: [-1234] [] [2017-05-03 11:09:16,788]  INFO {org.wso2.carbon.event.stream.core.internal.EventJunction} -  Producer added to the junction. Stream:org.wso2.throttle.request.stream:1.0.0 {org.wso2.carbon.event.stream.core.internal.EventJunction}
TID: [-1234] [] [2017-05-03 11:09:16,789]  INFO {org.wso2.carbon.event.receiver.core.EventReceiverDeployer} -  Event Receiver configuration successfully deployed and in active state: throttleWSO2EventReceiver {org.wso2.carbon.event.receiver.core.EventReceiverDeployer}
TID: [-1234] [] [2017-05-03 11:09:17,102]  INFO {org.wso2.carbon.event.stream.core.internal.EventJunction} -  Producer added to the junction. Stream:org.wso2.throttle.processed.request.stream:1.0.0 {org.wso2.carbon.event.stream.core.internal.EventJunction}
TID: [-1234] [] [2017-05-03 11:09:17,103]  INFO {org.wso2.carbon.event.stream.core.internal.EventJunction} -  Consumer added to the junction. Stream:org.wso2.throttle.request.stream:1.0.0 {org.wso2.carbon.event.stream.core.internal.EventJunction}
TID: [-1234] [] [2017-05-03 11:09:17,104]  INFO {org.wso2.carbon.event.processor.core.EventProcessorDeployer} -  Execution plan is deployed successfully and in active state  : requestPreProcessorExecutionPlan {org.wso2.carbon.event.processor.core.EventProcessorDeployer}
TID: [-1234] [] [2017-05-03 11:09:17,314]  INFO {org.wso2.carbon.event.stream.core.internal.EventJunction} -  Producer added to the junction. Stream:org.wso2.throttle.globalThrottle.stream:1.0.0 {org.wso2.carbon.event.stream.core.internal.EventJunction}
TID: [-1234] [] [2017-05-03 11:09:17,315]  INFO {org.wso2.carbon.event.stream.core.internal.EventJunction} -  Consumer added to the junction. Stream:org.wso2.throttle.processed.request.stream:1.0.0 {org.wso2.carbon.event.stream.core.internal.EventJunction}
TID: [-1234] [] [2017-05-03 11:09:17,315]  INFO {org.wso2.carbon.event.processor.core.EventProcessorDeployer} -  Execution plan is deployed successfully and in active state  : carbon.super_app_10PerMin {org.wso2.carbon.event.processor.core.EventProcessorDeployer}
TID: [-1234] [] [2017-05-03 11:09:17,413]  INFO {org.wso2.carbon.event.stream.core.internal.EventJunction} -  Producer added to the junction. Stream:org.wso2.throttle.globalThrottle.stream:1.0.0 {org.wso2.carbon.event.stream.core.internal.EventJunction}
TID: [-1234] [] [2017-05-03 11:09:17,414]  INFO {org.wso2.carbon.event.stream.core.internal.EventJunction} -  Consumer added to the junction. Stream:org.wso2.throttle.processed.request.stream:1.0.0 {org.wso2.carbon.event.stream.core.internal.EventJunction}
TID: [-1234] [] [2017-05-03 11:09:17,415]  INFO {org.wso2.carbon.event.processor.core.EventProcessorDeployer} -  Execution plan is deployed successfully and in active state  : carbon.super_app_20PerMin {org.wso2.carbon.event.processor.core.EventProcessorDeployer}
TID: [-1234] [] [2017-05-03 11:09:17,518]  INFO {org.wso2.carbon.event.stream.core.internal.EventJunction} -  Producer added to the junction. Stream:org.wso2.throttle.globalThrottle.stream:1.0.0 {org.wso2.carbon.event.stream.core.internal.EventJunction}
TID: [-1234] [] [2017-05-03 11:09:17,522]  INFO {org.wso2.carbon.event.stream.core.internal.EventJunction} -  Consumer added to the junction. Stream:org.wso2.throttle.processed.request.stream:1.0.0 {org.wso2.carbon.event.stream.core.internal.EventJunction}
TID: [-1234] [] [2017-05-03 11:09:17,523]  INFO {org.wso2.carbon.event.processor.core.EventProcessorDeployer} -  Execution plan is deployed successfully and in active state  : carbon.super_app_50PerMin {org.wso2.carbon.event.processor.core.EventProcessorDeployer}
TID: [-1234] [] [2017-05-03 11:09:17,619]  INFO {org.wso2.carbon.event.stream.core.internal.EventJunction} -  Producer added to the junction. Stream:org.wso2.throttle.globalThrottle.stream:1.0.0 {org.wso2.carbon.event.stream.core.internal.EventJunction}
TID: [-1234] [] [2017-05-03 11:09:17,621]  INFO {org.wso2.carbon.event.stream.core.internal.EventJunction} -  Consumer added to the junction. Stream:org.wso2.throttle.processed.request.stream:1.0.0 {org.wso2.carbon.event.stream.core.internal.EventJunction}
TID: [-1234] [] [2017-05-03 11:09:17,622]  INFO {org.wso2.carbon.event.processor.core.EventProcessorDeployer} -  Execution plan is deployed successfully and in active state  : carbon.super_resource_10KPerMin_default {org.wso2.carbon.event.processor.core.EventProcessorDeployer}
TID: [-1234] [] [2017-05-03 11:09:17,743]  INFO {org.wso2.carbon.event.stream.core.internal.EventJunction} -  Producer added to the junction. Stream:org.wso2.throttle.globalThrottle.stream:1.0.0 {org.wso2.carbon.event.stream.core.internal.EventJunction}
TID: [-1234] [] [2017-05-03 11:09:17,744]  INFO {org.wso2.carbon.event.stream.core.internal.EventJunction} -  Consumer added to the junction. Stream:org.wso2.throttle.processed.request.stream:1.0.0 {org.wso2.carbon.event.stream.core.internal.EventJunction}
TID: [-1234] [] [2017-05-03 11:09:17,744]  INFO {org.wso2.carbon.event.processor.core.EventProcessorDeployer} -  Execution plan is deployed successfully and in active state  : carbon.super_resource_20KPerMin_default {org.wso2.carbon.event.processor.core.EventProcessorDeployer}
TID: [-1234] [] [2017-05-03 11:09:17,880]  INFO {org.wso2.carbon.event.stream.core.internal.EventJunction} -  Producer added to the junction. Stream:org.wso2.throttle.globalThrottle.stream:1.0.0 {org.wso2.carbon.event.stream.core.internal.EventJunction}
TID: [-1234] [] [2017-05-03 11:09:17,880]  INFO {org.wso2.carbon.event.stream.core.internal.EventJunction} -  Consumer added to the junction. Stream:org.wso2.throttle.processed.request.stream:1.0.0 {org.wso2.carbon.event.stream.core.internal.EventJunction}
TID: [-1234] [] [2017-05-03 11:09:17,880]  INFO {org.wso2.carbon.event.processor.core.EventProcessorDeployer} -  Execution plan is deployed successfully and in active state  : carbon.super_resource_50KPerMin_default {org.wso2.carbon.event.processor.core.EventProcessorDeployer}
TID: [-1234] [] [2017-05-03 11:09:18,019]  INFO {org.wso2.carbon.event.stream.core.internal.EventJunction} -  Producer added to the junction. Stream:org.wso2.throttle.globalThrottle.stream:1.0.0 {org.wso2.carbon.event.stream.core.internal.EventJunction}
TID: [-1234] [] [2017-05-03 11:09:18,019]  INFO {org.wso2.carbon.event.stream.core.internal.EventJunction} -  Consumer added to the junction. Stream:org.wso2.throttle.processed.request.stream:1.0.0 {org.wso2.carbon.event.stream.core.internal.EventJunction}
TID: [-1234] [] [2017-05-03 11:09:18,019]  INFO {org.wso2.carbon.event.processor.core.EventProcessorDeployer} -  Execution plan is deployed successfully and in active state  : carbon.super_sub_Bronze {org.wso2.carbon.event.processor.core.EventProcessorDeployer}
TID: [-1234] [] [2017-05-03 11:09:18,153]  INFO {org.wso2.carbon.event.stream.core.internal.EventJunction} -  Producer added to the junction. Stream:org.wso2.throttle.globalThrottle.stream:1.0.0 {org.wso2.carbon.event.stream.core.internal.EventJunction}
TID: [-1234] [] [2017-05-03 11:09:18,153]  INFO {org.wso2.carbon.event.stream.core.internal.EventJunction} -  Consumer added to the junction. Stream:org.wso2.throttle.processed.request.stream:1.0.0 {org.wso2.carbon.event.stream.core.internal.EventJunction}
TID: [-1234] [] [2017-05-03 11:09:18,153]  INFO {org.wso2.carbon.event.processor.core.EventProcessorDeployer} -  Execution plan is deployed successfully and in active state  : carbon.super_sub_Gold {org.wso2.carbon.event.processor.core.EventProcessorDeployer}
TID: [-1234] [] [2017-05-03 11:09:18,347]  INFO {org.wso2.carbon.event.stream.core.internal.EventJunction} -  Producer added to the junction. Stream:org.wso2.throttle.globalThrottle.stream:1.0.0 {org.wso2.carbon.event.stream.core.internal.EventJunction}
TID: [-1234] [] [2017-05-03 11:09:18,347]  INFO {org.wso2.carbon.event.stream.core.internal.EventJunction} -  Consumer added to the junction. Stream:org.wso2.throttle.processed.request.stream:1.0.0 {org.wso2.carbon.event.stream.core.internal.EventJunction}
TID: [-1234] [] [2017-05-03 11:09:18,347]  INFO {org.wso2.carbon.event.processor.core.EventProcessorDeployer} -  Execution plan is deployed successfully and in active state  : carbon.super_sub_Silver {org.wso2.carbon.event.processor.core.EventProcessorDeployer}
TID: [-1234] [] [2017-05-03 11:09:18,491]  INFO {org.wso2.carbon.event.stream.core.internal.EventJunction} -  Producer added to the junction. Stream:org.wso2.throttle.globalThrottle.stream:1.0.0 {org.wso2.carbon.event.stream.core.internal.EventJunction}
TID: [-1234] [] [2017-05-03 11:09:18,491]  INFO {org.wso2.carbon.event.stream.core.internal.EventJunction} -  Consumer added to the junction. Stream:org.wso2.throttle.processed.request.stream:1.0.0 {org.wso2.carbon.event.stream.core.internal.EventJunction}
TID: [-1234] [] [2017-05-03 11:09:18,491]  INFO {org.wso2.carbon.event.processor.core.EventProcessorDeployer} -  Execution plan is deployed successfully and in active state  : carbon.super_sub_Unauthenticated {org.wso2.carbon.event.processor.core.EventProcessorDeployer}
TID: [-1234] [] [2017-05-03 11:09:23,700]  INFO {org.wso2.carbon.webapp.mgt.TomcatGenericWebappsDeployer} -  Deployed webapp: StandardEngine[Catalina].StandardHost[localhost].StandardContext[/am/sample/calculator/v1].File[/home/supun/wso2/wso2am-2.1.0/repository/deployment/server/webapps/am#sample#calculator#v1.war] {org.wso2.carbon.webapp.mgt.TomcatGenericWebappsDeployer}
TID: [-1234] [] [2017-05-03 11:09:27,729]  INFO {org.wso2.carbon.webapp.mgt.TomcatGenericWebappsDeployer} -  Deployed webapp: StandardEngine[Catalina].StandardHost[localhost].StandardContext[/am/sample/pizzashack/v1].File[/home/supun/wso2/wso2am-2.1.0/repository/deployment/server/webapps/am#sample#pizzashack#v1.war] {org.wso2.carbon.webapp.mgt.TomcatGenericWebappsDeployer}
TID: [-1234] [] [2017-05-03 11:09:35,198]  INFO {org.apache.cxf.endpoint.ServerImpl} -  Setting the server's publish address to be / {org.apache.cxf.endpoint.ServerImpl}
TID: [-1234] [] [2017-05-03 11:09:35,455]  INFO {org.wso2.carbon.webapp.mgt.TomcatGenericWebappsDeployer} -  Deployed webapp: StandardEngine[Catalina].StandardHost[localhost].StandardContext[/api/am/admin/v0.11].File[/home/supun/wso2/wso2am-2.1.0/repository/deployment/server/webapps/api#am#admin#v0.11.war] {org.wso2.carbon.webapp.mgt.TomcatGenericWebappsDeployer}
TID: [-1234] [] [2017-05-03 11:09:41,274]  INFO {org.apache.cxf.endpoint.ServerImpl} -  Setting the server's publish address to be / {org.apache.cxf.endpoint.ServerImpl}
TID: [-1234] [] [2017-05-03 11:09:41,411]  INFO {org.wso2.carbon.webapp.mgt.TomcatGenericWebappsDeployer} -  Deployed webapp: StandardEngine[Catalina].StandardHost[localhost].StandardContext[/api/am/publisher/v0.11].File[/home/supun/wso2/wso2am-2.1.0/repository/deployment/server/webapps/api#am#publisher#v0.11.war] {org.wso2.carbon.webapp.mgt.TomcatGenericWebappsDeployer}
TID: [-1234] [] [2017-05-03 11:09:48,182]  INFO {org.apache.cxf.endpoint.ServerImpl} -  Setting the server's publish address to be / {org.apache.cxf.endpoint.ServerImpl}
TID: [-1234] [] [2017-05-03 11:09:48,449]  INFO {org.wso2.carbon.webapp.mgt.TomcatGenericWebappsDeployer} -  Deployed webapp: StandardEngine[Catalina].StandardHost[localhost].StandardContext[/api/am/store/v0.11].File[/home/supun/wso2/wso2am-2.1.0/repository/deployment/server/webapps/api#am#store#v0.11.war] {org.wso2.carbon.webapp.mgt.TomcatGenericWebappsDeployer}
TID: [-1] [] [2017-05-03 11:09:49,190]  INFO {org.wso2.carbon.event.processor.manager.core.internal.CarbonEventManagementService} -  Starting polling event receivers {org.wso2.carbon.event.processor.manager.core.internal.CarbonEventManagementService}
TID: [-1234] [] [2017-05-03 11:09:54,491]  INFO {org.wso2.carbon.identity.application.authentication.endpoint.util.TenantDataManager} -  EndpointConfig.properties file loaded from ./repository/conf/identity/EndpointConfig.properties {org.wso2.carbon.identity.application.authentication.endpoint.util.TenantDataManager}
TID: [-1234] [] [2017-05-03 11:09:56,975]  INFO {org.apache.jasper.compiler.TldLocationsCache} -  At least one JAR was scanned for TLDs yet contained no TLDs. Enable debug logging for this logger for a complete list of JARs that were scanned but no TLDs were found in them. Skipping unneeded JARs during scanning can improve startup time and JSP compilation time. {org.apache.jasper.compiler.TldLocationsCache}
TID: [-1234] [] [2017-05-03 11:09:59,485]  INFO {org.wso2.carbon.webapp.mgt.TomcatGenericWebappsDeployer} -  Deployed webapp: StandardEngine[Catalina].StandardHost[localhost].StandardContext[/authenticationendpoint].File[/home/supun/wso2/wso2am-2.1.0/repository/deployment/server/webapps/authenticationendpoint.war] {org.wso2.carbon.webapp.mgt.TomcatGenericWebappsDeployer}
TID: [-1234] [] [2017-05-03 11:10:09,425]  INFO {org.apache.cxf.endpoint.ServerImpl} -  Setting the server's publish address to be /register {org.apache.cxf.endpoint.ServerImpl}
TID: [-1234] [] [2017-05-03 11:10:09,552]  INFO {org.wso2.carbon.webapp.mgt.TomcatGenericWebappsDeployer} -  Deployed webapp: StandardEngine[Catalina].StandardHost[localhost].StandardContext[/client-registration/v0.11].File[/home/supun/wso2/wso2am-2.1.0/repository/deployment/server/webapps/client-registration#v0.11.war] {org.wso2.carbon.webapp.mgt.TomcatGenericWebappsDeployer}
TID: [-1] [] [2017-05-03 11:10:10,334]  WARN {org.wso2.carbon.apimgt.gateway.throttling.util.KeyTemplateRetriever} -  Failed retrieving throttling data from remote endpoint: Connection refused (Connection refused). Retrying after 15 seconds... {org.wso2.carbon.apimgt.gateway.throttling.util.KeyTemplateRetriever}
TID: [-1] [] [2017-05-03 11:10:10,335]  WARN {org.wso2.carbon.apimgt.gateway.throttling.util.BlockingConditionRetriever} -  Failed retrieving Blocking Conditions from remote endpoint: Connection refused (Connection refused). Retrying after 15 seconds... {org.wso2.carbon.apimgt.gateway.throttling.util.BlockingConditionRetriever}
TID: [-1] [] [2017-05-03 11:10:10,417]  WARN {org.wso2.carbon.application.deployer.internal.AppDeployerServiceComponent} -  Waiting for required OSGi services: org.wso2.carbon.application.deployer.synapse.service.SynapseAppDeployerService,org.wso2.carbon.mediation.initializer.services.SynapseEnvironmentService, {org.wso2.carbon.application.deployer.internal.AppDeployerServiceComponent}
TID: [-1] [] [2017-05-03 11:10:10,467]  WARN {org.wso2.carbon.core.internal.StartupFinalizerServiceComponent} -  Waiting for required OSGi services: org.wso2.carbon.application.deployer.service.CappDeploymentService,org.wso2.carbon.server.admin.common.IServerAdmin,org.wso2.carbon.throttling.agent.ThrottlingAgent, {org.wso2.carbon.core.internal.StartupFinalizerServiceComponent}
TID: [-1234] [] [2017-05-03 11:10:12,331]  INFO {org.wso2.carbon.webapp.mgt.TomcatGenericWebappsDeployer} -  Deployed webapp: StandardEngine[Catalina].StandardHost[localhost].StandardContext[/oauth2].File[/home/supun/wso2/wso2am-2.1.0/repository/deployment/server/webapps/oauth2.war] {org.wso2.carbon.webapp.mgt.TomcatGenericWebappsDeployer}
TID: [-1234] [] [2017-05-03 11:10:23,585]  INFO {org.apache.shindig.gadgets.features.FeatureRegistry} -  Resources from res:features/features.txt are loading. {org.apache.shindig.gadgets.features.FeatureRegistry}
TID: [-1234] [] [2017-05-03 11:10:23,624]  INFO {org.apache.shindig.common.xml.XmlUtil} -  The XML processor being used does not support secure parsing. {org.apache.shindig.common.xml.XmlUtil}
TID: [-1234] [] [2017-05-03 11:10:23,625]  INFO {org.apache.shindig.common.xml.XmlUtil} -  Document builders are being reused. {org.apache.shindig.common.xml.XmlUtil}
TID: [-1234] [] [2017-05-03 11:10:24,990]  INFO {org.apache.shindig.gadgets.features.FeatureRegistry} -  Resources from res:features-extras/features.txt are loading. {org.apache.shindig.gadgets.features.FeatureRegistry}
TID: [-1234] [] [2017-05-03 11:10:25,011]  INFO {org.apache.shindig.gadgets.features.FeatureRegistry} -  Resources from res:wso2features/features.txt are loading. {org.apache.shindig.gadgets.features.FeatureRegistry}
TID: [-1234] [] [2017-05-03 11:10:25,188]  INFO {org.apache.shindig.config.JsonContainerConfigLoader} -  Resources from containers/default/container.js are loading. {org.apache.shindig.config.JsonContainerConfigLoader}
TID: [-1234] [] [2017-05-03 11:10:25,190]  INFO {org.apache.shindig.config.JsonContainerConfigLoader} -  Container configuration containers/default/container.js is being read. {org.apache.shindig.config.JsonContainerConfigLoader}
TID: [-1] [] [2017-05-03 11:10:25,349]  WARN {org.wso2.carbon.apimgt.gateway.throttling.util.KeyTemplateRetriever} -  Failed retrieving throttling data from remote endpoint: Connection refused (Connection refused). Retrying after 15 seconds... {org.wso2.carbon.apimgt.gateway.throttling.util.KeyTemplateRetriever}
TID: [-1] [] [2017-05-03 11:10:25,350]  WARN {org.wso2.carbon.apimgt.gateway.throttling.util.BlockingConditionRetriever} -  Failed retrieving Blocking Conditions from remote endpoint: Connection refused (Connection refused). Retrying after 15 seconds... {org.wso2.carbon.apimgt.gateway.throttling.util.BlockingConditionRetriever}
TID: [-1234] [] [2017-05-03 11:10:25,930]  INFO {org.apache.shindig.gadgets.oauth2.logger.FilteredLogger} -  Using random key for OAuth2 client-side state encryption {org.apache.shindig.gadgets.oauth2.logger.FilteredLogger}
TID: [-1234] [] [2017-05-03 11:10:25,930]  INFO {org.apache.shindig.gadgets.oauth2.logger.FilteredLogger} -  OAuth2CrypterProvider constructor {org.apache.shindig.gadgets.oauth2.logger.FilteredLogger}
TID: [-1234] [] [2017-05-03 11:10:25,947]  INFO {org.apache.shindig.gadgets.oauth.OAuthModule} -  The OAuth signing key from res://wso2carbon.pem is loading. {org.apache.shindig.gadgets.oauth.OAuthModule}
TID: [-1234] [] [2017-05-03 11:10:25,965]  INFO {org.apache.shindig.gadgets.oauth.OAuthModule$OAuthCrypterProvider} -  Using random key for OAuth client-side state encryption {org.apache.shindig.gadgets.oauth.OAuthModule$OAuthCrypterProvider}
TID: [-1234] [] [2017-05-03 11:10:25,965]  INFO {org.apache.shindig.gadgets.oauth.OAuthModule} -  A random key for OAuth client-side state encryption is being used. {org.apache.shindig.gadgets.oauth.OAuthModule}
TID: [-1234] [] [2017-05-03 11:10:26,402]  INFO {org.wso2.carbon.webapp.mgt.TomcatGenericWebappsDeployer} -  Deployed webapp: StandardEngine[Catalina].StandardHost[localhost].StandardContext[/shindig].File[/home/supun/wso2/wso2am-2.1.0/repository/deployment/server/webapps/shindig.war] {org.wso2.carbon.webapp.mgt.TomcatGenericWebappsDeployer}
TID: [-1234] [] [2017-05-03 11:10:32,901]  INFO {org.apache.cxf.endpoint.ServerImpl} -  Setting the server's publish address to be / {org.apache.cxf.endpoint.ServerImpl}
TID: [-1234] [] [2017-05-03 11:10:33,110]  INFO {org.wso2.carbon.webapp.mgt.TomcatGenericWebappsDeployer} -  Deployed webapp: StandardEngine[Catalina].StandardHost[localhost].StandardContext[/throttle/data/v1].File[/home/supun/wso2/wso2am-2.1.0/repository/deployment/server/webapps/throttle#data#v1.war] {org.wso2.carbon.webapp.mgt.TomcatGenericWebappsDeployer}
TID: [-1234] [] [2017-05-03 11:10:37,059]  INFO {org.apache.synapse.Axis2SynapseController} -  Deploying the Synapse service... {org.apache.synapse.Axis2SynapseController}
TID: [-1234] [] [2017-05-03 11:10:37,061]  INFO {org.apache.synapse.Axis2SynapseController} -  Deploying Proxy services... {org.apache.synapse.Axis2SynapseController}
TID: [-1234] [] [2017-05-03 11:10:37,061]  INFO {org.apache.synapse.core.axis2.ProxyService} -  Building Axis service for Proxy service : WorkflowCallbackService {org.apache.synapse.core.axis2.ProxyService}
TID: [-1234] [] [2017-05-03 11:10:37,137]  INFO {org.apache.synapse.core.axis2.ProxyService} -  Adding service WorkflowCallbackService to the Axis2 configuration {org.apache.synapse.core.axis2.ProxyService}
TID: [-1234] [] [2017-05-03 11:10:37,143]  INFO {org.wso2.carbon.core.deployment.DeploymentInterceptor} -  Deploying Axis2 service: WorkflowCallbackService {super-tenant} {org.wso2.carbon.core.deployment.DeploymentInterceptor}
TID: [-1234] [] [2017-05-03 11:10:37,144]  INFO {org.apache.synapse.core.axis2.ProxyService} -  Successfully created the Axis2 service for Proxy service : WorkflowCallbackService {org.apache.synapse.core.axis2.ProxyService}
TID: [-1234] [] [2017-05-03 11:10:37,144]  INFO {org.apache.synapse.Axis2SynapseController} -  Deployed Proxy service : WorkflowCallbackService {org.apache.synapse.Axis2SynapseController}
TID: [-1234] [] [2017-05-03 11:10:37,144]  INFO {org.apache.synapse.Axis2SynapseController} -  Deploying EventSources... {org.apache.synapse.Axis2SynapseController}
TID: [-1234] [] [2017-05-03 11:10:37,229]  INFO {org.apache.synapse.inbound.InboundEndpoint} -  Initializing Inbound Endpoint: WebSocketInboundEndpoint {org.apache.synapse.inbound.InboundEndpoint}
TID: [-1234] [] [2017-05-03 11:10:37,261]  INFO {org.wso2.carbon.inbound.endpoint.protocol.websocket.management.WebsocketEndpointManager} -  WebSocketInboundEndpoint Endpoint is already started in port : 9099 {org.wso2.carbon.inbound.endpoint.protocol.websocket.management.WebsocketEndpointManager}
TID: [-1234] [] [2017-05-03 11:10:37,262]  INFO {org.apache.synapse.rest.API} -  Initializing API: _WSO2AMRevokeAPI_ {org.apache.synapse.rest.API}
TID: [-1234] [] [2017-05-03 11:10:37,263]  INFO {org.apache.synapse.rest.API} -  Initializing API: admin--LoginApi:v1.0.0 {org.apache.synapse.rest.API}
TID: [-1234] [] [2017-05-03 11:10:37,270]  INFO {org.apache.synapse.rest.API} -  Initializing API: admin--Pay:v1.0.0 {org.apache.synapse.rest.API}
TID: [-1234] [] [2017-05-03 11:10:37,271]  INFO {org.apache.synapse.rest.API} -  Initializing API: _WSO2AMAuthorizeAPI_ {org.apache.synapse.rest.API}
TID: [-1234] [] [2017-05-03 11:10:37,271]  INFO {org.apache.synapse.rest.API} -  Initializing API: _WSO2AMTokenAPI_ {org.apache.synapse.rest.API}
TID: [-1234] [] [2017-05-03 11:10:37,271]  INFO {org.apache.synapse.rest.API} -  Initializing API: admin--Varification:v1.0.0 {org.apache.synapse.rest.API}
TID: [-1234] [] [2017-05-03 11:10:37,271]  INFO {org.apache.synapse.rest.API} -  Initializing API: _WSO2AMUserInfoAPI_ {org.apache.synapse.rest.API}
TID: [-1234] [] [2017-05-03 11:10:37,271]  INFO {org.apache.synapse.rest.API} -  Initializing API: admin--PizzaShackAPI:v1.0.0 {org.apache.synapse.rest.API}
TID: [-1234] [] [2017-05-03 11:10:37,271]  INFO {org.apache.synapse.rest.API} -  Initializing API: admin--Login:v1.0.0 {org.apache.synapse.rest.API}
TID: [-1234] [] [2017-05-03 11:10:37,272]  INFO {org.apache.synapse.rest.API} -  Initializing API: admin--DirectPay:v1.0.0 {org.apache.synapse.rest.API}
TID: [-1234] [] [2017-05-03 11:10:37,272]  INFO {org.apache.synapse.rest.API} -  Initializing API: admin--Register:v1.0.0 {org.apache.synapse.rest.API}
TID: [-1234] [] [2017-05-03 11:10:37,272]  INFO {org.apache.synapse.ServerManager} -  Server ready for processing... {org.apache.synapse.ServerManager}
TID: [-1] [] [2017-05-03 11:10:38,210]  INFO {org.wso2.carbon.databridge.core.DataBridge} -  user admin connected {org.wso2.carbon.databridge.core.DataBridge}
TID: [-1234] [] [2017-05-03 11:10:38,337]  INFO {org.wso2.carbon.inbound.endpoint.protocol.websocket.management.WebsocketEndpointManager} -  Netty Listener starting on port 9099 {org.wso2.carbon.inbound.endpoint.protocol.websocket.management.WebsocketEndpointManager}
TID: [-1234] [] [2017-05-03 11:10:38,967]  INFO {org.wso2.andes.configuration.AndesConfigurationManager} -  Main andes configuration located at : /home/supun/wso2/wso2am-2.1.0/repository/conf/broker.xml {org.wso2.andes.configuration.AndesConfigurationManager}
TID: [-1234] [] [2017-05-03 11:10:39,051]  INFO {org.wso2.carbon.andes.internal.QpidServiceComponent} -  Activating Andes Message Broker Engine... {org.wso2.carbon.andes.internal.QpidServiceComponent}
TID: [-1234] [] [2017-05-03 11:10:39,106]  INFO {org.wso2.andes.server.Broker} -  Starting Qpid using configuration : /home/supun/wso2/wso2am-2.1.0/repository/conf/advanced/qpid-config.xml {org.wso2.andes.server.Broker}
TID: [-1234] [] [2017-05-03 11:10:39,406]  INFO {org.wso2.andes.server.registry.ApplicationRegistry} -  Initialising Application Registry(org.wso2.andes.server.registry.ConfigurationFileApplicationRegistry@701d0b3f) {org.wso2.andes.server.registry.ApplicationRegistry}
TID: [-1234] [] [2017-05-03 11:10:39,503]  INFO {org.wso2.andes.server.plugins.PluginManager} -  Opened service trackers {org.wso2.andes.server.plugins.PluginManager}
TID: [-1234] [] [2017-05-03 11:10:39,717]  INFO {org.wso2.andes.server.management.JMXManagedObjectRegistry} -  Initialising managed object registry using jplatform MBean server {org.wso2.andes.server.management.JMXManagedObjectRegistry}
TID: [-1234] [] [2017-05-03 11:10:39,727]  INFO {org.wso2.andes.server.security.auth.manager.PrincipalDatabaseAuthenticationManager} -  PrincipalDatabase concrete implementation : org.wso2.carbon.andes.authentication.andes.CarbonBasedPrincipalDatabase {org.wso2.andes.server.security.auth.manager.PrincipalDatabaseAuthenticationManager}
TID: [-1234] [] [2017-05-03 11:10:39,737]  INFO {org.wso2.andes.server.security.auth.manager.PrincipalDatabaseAuthenticationManager} -  Initialised PLAIN SASL provider successfully {org.wso2.andes.server.security.auth.manager.PrincipalDatabaseAuthenticationManager}
TID: [-1234] [] [2017-05-03 11:10:39,737]  INFO {org.wso2.andes.server.security.auth.manager.PrincipalDatabaseAuthenticationManager} -  Additional SASL providers successfully registered. {org.wso2.andes.server.security.auth.manager.PrincipalDatabaseAuthenticationManager}
TID: [-1234] [] [2017-05-03 11:10:39,738]  INFO {org.wso2.andes.server.security.auth.manager.PrincipalDatabaseAuthenticationManager} -  Registering UserManagementMBean {org.wso2.andes.server.security.auth.manager.PrincipalDatabaseAuthenticationManager}
TID: [-1234] [] [2017-05-03 11:10:40,098]  INFO {org.wso2.andes.store.rdbms.RDBMSConnection} -  JDBC connection established with jndi config WSO2MBStoreDB {org.wso2.andes.store.rdbms.RDBMSConnection}
TID: [-1234] [] [2017-05-03 11:10:40,170]  INFO {org.wso2.andes.store.rdbms.RDBMSAndesContextStoreImpl} -  Andes Context Store initialised {org.wso2.andes.store.rdbms.RDBMSAndesContextStoreImpl}
TID: [-1234] [] [2017-05-03 11:10:40,170]  INFO {org.wso2.andes.kernel.AndesKernelBoot} -  AndesContextStore initialised with org.wso2.andes.store.rdbms.RDBMSAndesContextStoreImpl {org.wso2.andes.kernel.AndesKernelBoot}
TID: [-1] [] [2017-05-03 11:10:40,350]  WARN {org.wso2.carbon.apimgt.gateway.throttling.util.KeyTemplateRetriever} -  Failed retrieving throttling data from remote endpoint: Connection refused (Connection refused). Retrying after 15 seconds... {org.wso2.carbon.apimgt.gateway.throttling.util.KeyTemplateRetriever}
TID: [-1] [] [2017-05-03 11:10:40,351]  WARN {org.wso2.carbon.apimgt.gateway.throttling.util.BlockingConditionRetriever} -  Failed retrieving Blocking Conditions from remote endpoint: Connection refused (Connection refused). Retrying after 15 seconds... {org.wso2.carbon.apimgt.gateway.throttling.util.BlockingConditionRetriever}
TID: [-1234] [] [2017-05-03 11:10:40,675]  INFO {org.wso2.andes.store.rdbms.RDBMSConnection} -  JDBC connection established with jndi config WSO2MBStoreDB {org.wso2.andes.store.rdbms.RDBMSConnection}
TID: [-1234] [] [2017-05-03 11:10:40,760]  INFO {org.wso2.andes.store.rdbms.RDBMSMessageStoreImpl} -  Message Store initialised {org.wso2.andes.store.rdbms.RDBMSMessageStoreImpl}
TID: [-1234] [] [2017-05-03 11:10:40,761]  INFO {org.wso2.andes.kernel.AndesKernelBoot} -  Andes MessageStore initialised with org.wso2.andes.store.rdbms.RDBMSMessageStoreImpl {org.wso2.andes.kernel.AndesKernelBoot}
TID: [-1234] [] [2017-05-03 11:10:40,778]  WARN {org.wso2.andes.configuration.AndesConfigurationManager} -  Error when trying to read property : transaction/maxWaitTimeout. Switching to default value : 30 {org.wso2.andes.configuration.AndesConfigurationManager}
TID: [-1234] [] [2017-05-03 11:10:40,852]  INFO {org.wso2.andes.kernel.Andes} -  Andes API initialised. {org.wso2.andes.kernel.Andes}
TID: [-1234] [] [2017-05-03 11:10:41,074]  INFO {org.wso2.andes.kernel.AndesChannel} -  Channel created (ID: Internel_channel) {org.wso2.andes.kernel.AndesChannel}
TID: [-1234] [] [2017-05-03 11:10:41,088]  INFO {org.wso2.andes.server.cluster.ClusterManager} -  Clearing the Persisted State of Node with ID NODEsupun-Inspiron-5537/127.0.1.1 {org.wso2.andes.server.cluster.ClusterManager}
TID: [-1234] [] [2017-05-03 11:10:41,186]  INFO {org.wso2.andes.server.cluster.ClusterManager} -  Initializing Standalone Mode. Current Node ID:NODEsupun-Inspiron-5537/127.0.1.1 127.0.1.1 {org.wso2.andes.server.cluster.ClusterManager}
TID: [-1234] [] [2017-05-03 11:10:41,191]  INFO {org.wso2.andes.kernel.AndesSubscriptionManager} -  Deactivated all active durable subscriptions {org.wso2.andes.kernel.AndesSubscriptionManager}
TID: [-1234] [] [2017-05-03 11:10:41,191]  INFO {org.wso2.andes.kernel.AndesKernelBoot} -  Syncing exchanges, queues, bindings and subscriptions {org.wso2.andes.kernel.AndesKernelBoot}
TID: [-1234] [] [2017-05-03 11:10:41,192]  WARN {org.wso2.andes.kernel.AndesRecoveryTask} -  Recovering node. Adding queue [DeadLetterChannel] OW=admin/X=false/Dtrue/LPT0 {org.wso2.andes.kernel.AndesRecoveryTask}
TID: [-1234] [] [2017-05-03 11:10:41,239]  INFO {org.wso2.andes.server.virtualhost.VirtualHostConfigSynchronizer} -  Queue sync - Added Queue: DeadLetterChannel, Owner: admin, IsExclusive: false, Arguments: null {org.wso2.andes.server.virtualhost.VirtualHostConfigSynchronizer}
TID: [-1234] [] [2017-05-03 11:10:41,246]  INFO {org.wso2.andes.kernel.Andes} -  Starting Safe Zone Calculator for slots. {org.wso2.andes.kernel.Andes}
TID: [-1234] [] [2017-05-03 11:10:41,402]  INFO {qpid.message.broker.listening} -  [Broker] BRK-1002 : Starting : Listening on TCP port 5672 {qpid.message.broker.listening}
TID: [-1234] [] [2017-05-03 11:10:41,408]  INFO {qpid.message.broker.listening} -  [Broker] BRK-1002 : Starting : Listening on TCP/SSL port 8672 {qpid.message.broker.listening}
TID: [-1] [] [2017-05-03 11:10:41,410]  INFO {org.wso2.andes.kernel.MessagingEngine} -  Starting SlotDelivery Workers. {org.wso2.andes.kernel.MessagingEngine}
TID: [-1] [] [2017-05-03 11:10:41,414]  INFO {org.wso2.andes.kernel.MessagingEngine} -  Start Disruptor writing messages to store. {org.wso2.andes.kernel.MessagingEngine}
TID: [-1234] [] [2017-05-03 11:10:41,415]  INFO {org.wso2.carbon.andes.internal.QpidServiceComponent} -  AMQP Host Address : 0.0.0.0 Port : 5672 {org.wso2.carbon.andes.internal.QpidServiceComponent}
TID: [-1234] [] [2017-05-03 11:10:41,415]  INFO {org.wso2.carbon.andes.internal.QpidServiceComponent} -  Successfully connected to AMQP server on port 5672 {org.wso2.carbon.andes.internal.QpidServiceComponent}
TID: [-1234] [] [2017-05-03 11:10:41,416]  WARN {org.wso2.carbon.andes.internal.QpidServiceComponent} -  MQTT Transport is disabled as per configuration. {org.wso2.carbon.andes.internal.QpidServiceComponent}
TID: [-1234] [] [2017-05-03 11:10:41,416]  INFO {org.wso2.carbon.andes.internal.QpidServiceComponent} -  WSO2 Message Broker is started. {org.wso2.carbon.andes.internal.QpidServiceComponent}
TID: [-1234] [] [2017-05-03 11:10:41,799]  INFO {org.wso2.carbon.apimgt.jms.listener.utils.JMSConnectionFactory} -  JMS ConnectionFactory : Siddhi-JMS-Consumer initialized {org.wso2.carbon.apimgt.jms.listener.utils.JMSConnectionFactory}
TID: [-1234] [] [2017-05-03 11:10:41,837]  INFO {org.wso2.carbon.apimgt.jms.listener.utils.JMSTransportHandler} -  Starting jms topic consumer thread... {org.wso2.carbon.apimgt.jms.listener.utils.JMSTransportHandler}
TID: [-1] [] [2017-05-03 11:10:42,157]  INFO {org.wso2.andes.client.security.DynamicSaslRegistrar} -  Additional SASL providers successfully registered. {org.wso2.andes.client.security.DynamicSaslRegistrar}
TID: [-1] [] [2017-05-03 11:10:42,163]  INFO {org.wso2.andes.client.security.CallbackHandlerRegistry} -  Callback handlers available for SASL mechanisms: CRAM-MD5 CRAM-MD5-HASHED AMQPLAIN PLAIN {org.wso2.andes.client.security.CallbackHandlerRegistry}
TID: [-1] [] [2017-05-03 11:10:42,271]  INFO {org.wso2.andes.server.handler.ConnectionStartOkMethodHandler} -  SASL Mechanism selected: PLAIN {org.wso2.andes.server.handler.ConnectionStartOkMethodHandler}
TID: [-1] [] [2017-05-03 11:10:42,272]  INFO {org.wso2.andes.server.handler.ConnectionStartOkMethodHandler} -  Locale selected: en_US {org.wso2.andes.server.handler.ConnectionStartOkMethodHandler}
TID: [-1234] [] [2017-05-03 11:10:42,422]  INFO {org.wso2.andes.server.handler.ConnectionStartOkMethodHandler} -  Connected as: admin {org.wso2.andes.server.handler.ConnectionStartOkMethodHandler}
TID: [-1234] [] [2017-05-03 11:10:42,423]  INFO {org.wso2.andes.server.handler.ConnectionStartOkMethodHandler} -  Framesize set to 65535 {org.wso2.andes.server.handler.ConnectionStartOkMethodHandler}
TID: [-1234] [] [2017-05-03 11:10:42,482]  INFO {org.wso2.andes.server.handler.ConnectionCloseMethodHandler} -  ConnectionClose received with reply code/reply text 200/JMS client is closing the connection. for /192.168.8.102:32806(admin) {org.wso2.andes.server.handler.ConnectionCloseMethodHandler}
TID: [-1] [] [2017-05-03 11:10:42,493]  INFO {org.wso2.carbon.apimgt.jms.listener.utils.JMSListener} -  Connection attempt: 1 for JMS Provider for listener: Siddhi-JMS-Consumer#throttleData was successful! {org.wso2.carbon.apimgt.jms.listener.utils.JMSListener}
TID: [-1] [] [2017-05-03 11:10:42,541]  INFO {org.wso2.carbon.apimgt.jms.listener.utils.JMSTaskManager} -  Task manager for Siddhi-JMS-Consumer [re-]initialized {org.wso2.carbon.apimgt.jms.listener.utils.JMSTaskManager}
TID: [-1] [] [2017-05-03 11:10:42,601]  INFO {org.wso2.andes.server.handler.ConnectionStartOkMethodHandler} -  SASL Mechanism selected: PLAIN {org.wso2.andes.server.handler.ConnectionStartOkMethodHandler}
TID: [-1] [] [2017-05-03 11:10:42,602]  INFO {org.wso2.andes.server.handler.ConnectionStartOkMethodHandler} -  Locale selected: en_US {org.wso2.andes.server.handler.ConnectionStartOkMethodHandler}
TID: [-1234] [] [2017-05-03 11:10:42,605]  INFO {org.wso2.andes.server.handler.ConnectionStartOkMethodHandler} -  Connected as: admin {org.wso2.andes.server.handler.ConnectionStartOkMethodHandler}
TID: [-1234] [] [2017-05-03 11:10:42,606]  INFO {org.wso2.andes.server.handler.ConnectionStartOkMethodHandler} -  Framesize set to 65535 {org.wso2.andes.server.handler.ConnectionStartOkMethodHandler}
TID: [-1234] [] [2017-05-03 11:10:42,642]  INFO {org.wso2.andes.server.handler.ChannelOpenHandler} -  Connecting to: carbon {org.wso2.andes.server.handler.ChannelOpenHandler}
TID: [-1234] [] [2017-05-03 11:10:42,652]  INFO {org.wso2.andes.kernel.AndesChannel} -  Channel created (ID: 192.168.8.102:32812) {org.wso2.andes.kernel.AndesChannel}
TID: [-1] [] [2017-05-03 11:10:42,659]  WARN {org.wso2.carbon.apimgt.jms.listener.utils.JMSUtils} -  Cannot locate destination : throttleData {org.wso2.carbon.apimgt.jms.listener.utils.JMSUtils}
TID: [-1] [] [2017-05-03 11:10:43,387]  INFO {org.wso2.andes.server.handler.QueueDeclareHandler} -  Queue tmp_172_17_0_1_32812_1 bound to default exchange(<<default>>) {org.wso2.andes.server.handler.QueueDeclareHandler}
TID: [-1] [] [2017-05-03 11:10:43,388]  INFO {org.wso2.andes.server.handler.QueueDeclareHandler} -  Queue tmp_172_17_0_1_32812_1 declared successfully {org.wso2.andes.server.handler.QueueDeclareHandler}
TID: [-1234] [] [2017-05-03 11:10:44,220]  INFO {org.wso2.andes.server.handler.QueueBindHandler} -  Binding queue tmp_172_17_0_1_32812_1 to exchange TopicExchange[amq.topic] with routing key throttleData {org.wso2.andes.server.handler.QueueBindHandler}
TID: [-1] [] [2017-05-03 11:10:44,431]  INFO {org.wso2.andes.subscription.SubscriptionEngine} -  Local subscription ADDED [throttleData]ID=0@NODEsupun-Inspiron-5537/127.0.1.1/T=1493790044419/D=false/X=true/O=clientid/E=amq.topic/ET=org.wso2.andes.server.exchange.TopicExchange$1@72132d93/EUD=0/S=true {org.wso2.andes.subscription.SubscriptionEngine}
TID: [-1] [] [2017-05-03 11:10:46,791]  WARN {org.wso2.carbon.apimgt.jms.listener.utils.JMSListener} -  Polling tasks on destination : throttleData of type topic for listener Siddhi-JMS-Consumer#throttleData have not yet started after 3 seconds .. {org.wso2.carbon.apimgt.jms.listener.utils.JMSListener}
TID: [-1234] [] [2017-05-03 11:10:47,979]  INFO {org.apache.synapse.transport.passthru.PassThroughHttpListener} -  Starting Pass-through HTTP Listener... {org.apache.synapse.transport.passthru.PassThroughHttpListener}
TID: [-1234] [] [2017-05-03 11:10:48,326]  INFO {org.apache.synapse.transport.passthru.core.PassThroughListeningIOReactorManager} -  Pass-through HTTP Listener started on 0.0.0.0:8280 {org.apache.synapse.transport.passthru.core.PassThroughListeningIOReactorManager}
TID: [-1234] [] [2017-05-03 11:10:48,326]  INFO {org.apache.synapse.transport.passthru.PassThroughHttpSSLListener} -  Starting Pass-through HTTPS Listener... {org.apache.synapse.transport.passthru.PassThroughHttpSSLListener}
TID: [-1234] [] [2017-05-03 11:10:48,345]  INFO {org.apache.synapse.transport.passthru.core.PassThroughListeningIOReactorManager} -  Pass-through HTTPS Listener started on 0.0.0.0:8243 {org.apache.synapse.transport.passthru.core.PassThroughListeningIOReactorManager}
TID: [-1234] [] [2017-05-03 11:10:48,871]  INFO {org.wso2.carbon.databridge.receiver.thrift.ThriftDataReceiver} -  Thrift Server started at 0.0.0.0 {org.wso2.carbon.databridge.receiver.thrift.ThriftDataReceiver}
TID: [-1234] [] [2017-05-03 11:10:49,143]  INFO {org.wso2.carbon.databridge.receiver.thrift.ThriftDataReceiver} -  Thrift SSL port : 7711 {org.wso2.carbon.databridge.receiver.thrift.ThriftDataReceiver}
TID: [-1234] [] [2017-05-03 11:10:49,149]  INFO {org.wso2.carbon.databridge.receiver.thrift.ThriftDataReceiver} -  Thrift port : 7611 {org.wso2.carbon.databridge.receiver.thrift.ThriftDataReceiver}
TID: [-1234] [] [2017-05-03 11:10:49,248]  INFO {org.apache.tomcat.util.net.NioSelectorPool} -  Using a shared selector for servlet write/read {org.apache.tomcat.util.net.NioSelectorPool}
TID: [-1234] [] [2017-05-03 11:10:49,349]  INFO {org.apache.tomcat.util.net.NioSelectorPool} -  Using a shared selector for servlet write/read {org.apache.tomcat.util.net.NioSelectorPool}
TID: [-1234] [] [2017-05-03 11:10:49,562]  INFO {org.wso2.carbon.ntask.core.service.impl.TaskServiceImpl} -  Task service starting in STANDALONE mode... {org.wso2.carbon.ntask.core.service.impl.TaskServiceImpl}
TID: [-1234] [] [2017-05-03 11:10:50,567]  INFO {org.wso2.carbon.registry.eventing.internal.RegistryEventingServiceComponent} -  Successfully Initialized Eventing on Registry {org.wso2.carbon.registry.eventing.internal.RegistryEventingServiceComponent}
TID: [-1234] [] [2017-05-03 11:10:51,611]  INFO {org.wso2.carbon.core.init.JMXServerManager} -  JMX Service URL  : service:jmx:rmi://localhost:11111/jndi/rmi://localhost:9999/jmxrmi {org.wso2.carbon.core.init.JMXServerManager}
TID: [-1234] [] [2017-05-03 11:10:51,613]  INFO {org.wso2.carbon.core.internal.StartupFinalizerServiceComponent} -  Server           :  WSO2 API Manager-2.1.0 {org.wso2.carbon.core.internal.StartupFinalizerServiceComponent}
TID: [-1234] [] [2017-05-03 11:10:51,644]  INFO {org.wso2.carbon.core.internal.StartupFinalizerServiceComponent} -  WSO2 Carbon started in 238 sec {org.wso2.carbon.core.internal.StartupFinalizerServiceComponent}
TID: [-1234] [] [2017-05-03 11:10:52,569]  INFO {org.wso2.carbon.ui.internal.CarbonUIServiceComponent} -  Mgt Console URL  : https://172.17.0.1:9443/carbon/ {org.wso2.carbon.ui.internal.CarbonUIServiceComponent}
TID: [-1234] [] [2017-05-03 11:10:52,569]  INFO {org.wso2.carbon.ui.internal.CarbonUIServiceComponent} -  API Publisher Default Context : https://172.17.0.1:9443/publisher {org.wso2.carbon.ui.internal.CarbonUIServiceComponent}
TID: [-1234] [] [2017-05-03 11:10:52,569]  INFO {org.wso2.carbon.ui.internal.CarbonUIServiceComponent} -  API Store Default Context : https://172.17.0.1:9443/store {org.wso2.carbon.ui.internal.CarbonUIServiceComponent}
TID: [-1] [] [2017-05-03 11:10:55,351]  WARN {org.wso2.carbon.apimgt.gateway.throttling.util.KeyTemplateRetriever} -  Failed retrieving throttling data from remote endpoint: Connection refused (Connection refused). Retrying after 15 seconds... {org.wso2.carbon.apimgt.gateway.throttling.util.KeyTemplateRetriever}
TID: [-1] [] [2017-05-03 11:10:55,352]  WARN {org.wso2.carbon.apimgt.gateway.throttling.util.BlockingConditionRetriever} -  Failed retrieving Blocking Conditions from remote endpoint: Connection refused (Connection refused). Retrying after 15 seconds... {org.wso2.carbon.apimgt.gateway.throttling.util.BlockingConditionRetriever}
TID: [-1234] [] [2017-05-03 11:19:51,380]  INFO {org.wso2.carbon.core.services.util.CarbonAuthenticationUtil} -  'admin@carbon.super [-1234]' logged in at [2017-05-03 11:19:51,379+0530] {org.wso2.carbon.core.services.util.CarbonAuthenticationUtil}
TID: [-1234] [] [2017-05-03 11:19:52,410] ERROR {org.wso2.carbon.identity.user.profile.ui.client.UserProfileCient} -  org.wso2.carbon.identity.user.profile.stub.UserProfileMgtServiceUserProfileExceptionException: UserProfileMgtServiceUserProfileExceptionException {org.wso2.carbon.identity.user.profile.ui.client.UserProfileCient}
TID: [-1] [] [2017-05-03 11:25:41,189]  INFO {org.wso2.andes.kernel.AndesRecoveryTask} -  Running DB sync task. {org.wso2.andes.kernel.AndesRecoveryTask}
TID: [-1] [] [2017-05-03 11:40:41,189]  INFO {org.wso2.andes.kernel.AndesRecoveryTask} -  Running DB sync task. {org.wso2.andes.kernel.AndesRecoveryTask}
TID: [-1] [] [2017-05-03 11:55:41,189]  INFO {org.wso2.andes.kernel.AndesRecoveryTask} -  Running DB sync task. {org.wso2.andes.kernel.AndesRecoveryTask}
TID: [-1] [] [2017-05-03 12:10:41,189]  INFO {org.wso2.andes.kernel.AndesRecoveryTask} -  Running DB sync task. {org.wso2.andes.kernel.AndesRecoveryTask}
TID: [-1] [] [2017-05-03 12:25:41,189]  INFO {org.wso2.andes.kernel.AndesRecoveryTask} -  Running DB sync task. {org.wso2.andes.kernel.AndesRecoveryTask}
TID: [-1] [] [2017-05-03 12:40:41,189]  INFO {org.wso2.andes.kernel.AndesRecoveryTask} -  Running DB sync task. {org.wso2.andes.kernel.AndesRecoveryTask}
TID: [-1] [] [2017-05-03 12:55:41,189]  INFO {org.wso2.andes.kernel.AndesRecoveryTask} -  Running DB sync task. {org.wso2.andes.kernel.AndesRecoveryTask}
TID: [-1] [] [2017-05-03 13:10:41,189]  INFO {org.wso2.andes.kernel.AndesRecoveryTask} -  Running DB sync task. {org.wso2.andes.kernel.AndesRecoveryTask}
TID: [-1] [] [2017-05-03 13:25:41,189]  INFO {org.wso2.andes.kernel.AndesRecoveryTask} -  Running DB sync task. {org.wso2.andes.kernel.AndesRecoveryTask}
TID: [-1] [] [2017-05-03 13:40:41,189]  INFO {org.wso2.andes.kernel.AndesRecoveryTask} -  Running DB sync task. {org.wso2.andes.kernel.AndesRecoveryTask}
TID: [-1] [] [2017-05-03 13:55:41,189]  INFO {org.wso2.andes.kernel.AndesRecoveryTask} -  Running DB sync task. {org.wso2.andes.kernel.AndesRecoveryTask}
TID: [-1] [] [2017-05-03 14:09:11,469]  INFO {org.wso2.carbon.identity.application.authentication.framework.store.OperationCleanUpService} -  Session Operation Data cleanup task is running successfully for removing expired Operation Data {org.wso2.carbon.identity.application.authentication.framework.store.OperationCleanUpService}
TID: [-1] [] [2017-05-03 14:10:41,189]  INFO {org.wso2.andes.kernel.AndesRecoveryTask} -  Running DB sync task. {org.wso2.andes.kernel.AndesRecoveryTask}
TID: [-1] [] [2017-05-03 14:25:41,189]  INFO {org.wso2.andes.kernel.AndesRecoveryTask} -  Running DB sync task. {org.wso2.andes.kernel.AndesRecoveryTask}
