[2017-05-03 09:38:11,641]  INFO {AUDIT_LOG}-  'admin@carbon.super [-1234]' logged in at [2017-05-03 09:38:11,628+0530] 
[2017-05-03 09:43:33,780]  INFO {AUDIT_LOG}-  'admin@carbon.super [-1234]' logged in at [2017-05-03 09:43:33,780+0530] 
[2017-05-03 09:43:47,609]  INFO {AUDIT_LOG}-  'admin@carbon.super [-1234]' logged in at [2017-05-03 09:43:47,609+0530] 
[2017-05-03 09:54:34,410]  INFO {AUDIT_LOG}-  'admin@carbon.super [-1234]' logged in at [2017-05-03 09:54:34,410+0530] 
[2017-05-03 10:18:10,409]  INFO {AUDIT_LOG}-  'admin@carbon.super [-1234]' logged in at [2017-05-03 10:18:10,408+0530] 
[2017-05-03 10:23:28,298]  INFO {AUDIT_LOG}-  Initiator : admin@carbon.super | Action : Delete User | Target : supun1 | Data : {  } | Result : Success  
[2017-05-03 10:23:32,885]  INFO {AUDIT_LOG}-  Initiator : admin@carbon.super | Action : Delete User | Target : supun | Data : {  } | Result : Success  
[2017-05-03 10:23:39,257]  INFO {AUDIT_LOG}-  Initiator : admin@carbon.super | Action : Delete User | Target : hasinitg | Data : {  } | Result : Success  
[2017-05-03 10:25:37,079]  INFO {AUDIT_LOG}-  Initiator : admin@carbon.super | Action : Add User | Target : buddhika | Data : { Roles : } | Result : Success  
[2017-05-03 10:32:15,044]  INFO {AUDIT_LOG}-  'admin@carbon.super [-1234]' logged in at [2017-05-03 10:32:15,043+0530] 
[2017-05-03 10:33:14,774]  INFO {AUDIT_LOG}-  Initiator : admin | Action : update | Target : 19 | Data : { admin_Test60_PRODUCTION } | Result : Success  
[2017-05-03 10:41:19,890]  INFO {AUDIT_LOG}-  Initiator : admin | Action : update | Target : 19 | Data : { admin_Test60_PRODUCTION } | Result : Success  
[2017-05-03 10:43:20,422]  INFO {AUDIT_LOG}-  Initiator : admin | Action : update | Target : 19 | Data : { admin_Test60_PRODUCTION } | Result : Success  
[2017-05-03 10:44:55,321]  INFO {AUDIT_LOG}-  Initiator : admin | Action : update | Target : 19 | Data : { admin_Test60_PRODUCTION } | Result : Success  
[2017-05-03 10:45:34,786]  INFO {AUDIT_LOG}-  Initiator : admin | Action : update | Target : 19 | Data : { admin_Test60_PRODUCTION } | Result : Success  
[2017-05-03 10:46:30,781]  INFO {AUDIT_LOG}-  Initiator : admin | Action : update | Target : 19 | Data : { admin_Test60_PRODUCTION } | Result : Success  
[2017-05-03 10:49:21,678]  INFO {AUDIT_LOG}-  Initiator : admin | Action : update | Target : 19 | Data : { admin_Test60_PRODUCTION } | Result : Success  
[2017-05-03 10:54:37,647]  INFO {AUDIT_LOG}-  'admin@carbon.super [-1234]' logged in at [2017-05-03 10:54:37,646+0530] 
[2017-05-03 10:55:23,446]  INFO {AUDIT_LOG}-  Initiator : admin | Action : update | Target : 19 | Data : { admin_Test60_PRODUCTION } | Result : Success  
[2017-05-03 11:12:36,457]  INFO {AUDIT_LOG}-  'admin@carbon.super [-1234]' logged in at [2017-05-03 11:12:36,455+0530] 
[2017-05-03 11:12:59,911]  INFO {AUDIT_LOG}-  Initiator : admin | Action : update | Target : 19 | Data : { admin_Test60_PRODUCTION } | Result : Success  
[2017-05-03 11:38:24,386]  INFO {AUDIT_LOG}-  'admin@carbon.super [-1234]' logged in at [2017-05-03 11:38:24,382+0530] 
[2017-05-03 11:38:24,392]  INFO {AUDIT_LOG}-  'admin@carbon.super [-1234]' logged in at [2017-05-03 11:38:24,387+0530] 
[2017-05-03 11:38:24,397]  INFO {AUDIT_LOG}-  'admin@carbon.super [-1234]' logged in at [2017-05-03 11:38:24,386+0530] 
[2017-05-03 11:55:16,809]  INFO {AUDIT_LOG}-  'admin@carbon.super [-1234]' logged in at [2017-05-03 11:55:16,808+0530] 
[2017-05-03 11:56:03,926]  INFO {AUDIT_LOG}-  Initiator : admin | Action : update | Target : 19 | Data : { admin_Test60_PRODUCTION } | Result : Success  
[2017-05-03 11:56:09,542]  INFO {AUDIT_LOG}-  Initiator : admin | Action : update | Target : 19 | Data : { admin_Test60_PRODUCTION } | Result : Success  
[2017-05-03 12:00:15,547]  INFO {AUDIT_LOG}-  Initiator : admin | Action : update | Target : 19 | Data : { admin_Test60_PRODUCTION } | Result : Success  
[2017-05-03 12:44:54,573]  INFO {AUDIT_LOG}-  'admin@carbon.super [-1234]' logged in at [2017-05-03 12:44:54,568+0530] 
[2017-05-03 12:53:00,234]  INFO {AUDIT_LOG}-  Initiator : admin | Action : update | Target : 19 | Data : { admin_Test60_PRODUCTION } | Result : Success  
[2017-05-03 12:53:37,596]  INFO {AUDIT_LOG}-  Initiator : admin | Action : update | Target : 19 | Data : { admin_Test60_PRODUCTION } | Result : Success  
[2017-05-03 13:12:59,225]  INFO {AUDIT_LOG}-  Initiator : admin | Action : update | Target : 19 | Data : { admin_Test60_PRODUCTION } | Result : Success  
[2017-05-03 13:23:41,066]  INFO {AUDIT_LOG}-  'admin@carbon.super [-1234]' logged in at [2017-05-03 13:23:41,066+0530] 
[2017-05-03 14:10:57,390]  INFO {AUDIT_LOG}-  'admin@carbon.super [-1234]' logged in at [2017-05-03 14:10:57,390+0530] 
[2017-05-03 14:15:36,071]  INFO {AUDIT_LOG}-  Initiator : admin | Action : update | Target : 19 | Data : { admin_Test60_PRODUCTION } | Result : Success  
[2017-05-03 14:19:59,087]  INFO {AUDIT_LOG}-  Initiator : admin@carbon.super | Action : Add User | Target : 123 | Data : { Roles :Application/admin_Test60_PRODUCTION,Application/paymedia, } | Result : Success  
[2017-05-03 14:24:26,433]  INFO {AUDIT_LOG}-  Initiator : admin | Action : update | Target : 19 | Data : { admin_Test60_PRODUCTION } | Result : Success  
[2017-05-03 14:25:27,263]  INFO {AUDIT_LOG}-  Initiator : admin | Action : update | Target : 10 | Data : { admin_user_name_15_second_valid_time_PRODUCTION } | Result : Success  
[2017-05-03 14:26:37,438]  INFO {AUDIT_LOG}-  Initiator : admin | Action : update | Target : 19 | Data : { admin_Test60_PRODUCTION } | Result : Success  
[2017-05-03 14:30:04,035]  INFO {AUDIT_LOG}-  Initiator : admin | Action : update | Target : 19 | Data : { admin_Test60_PRODUCTION } | Result : Success  
[2017-05-03 14:35:43,013]  INFO {AUDIT_LOG}-  'admin@carbon.super [-1234]' logged in at [2017-05-03 14:35:43,011+0530] 
